# Kinmatech Robotics — session log
# Started: 2026-03-15 20:47:01.944
# Ended  : 2026-03-15 20:52:23
# Entries: 1124

[2026-03-15 20:47:01.944] [WARNING] Pendant disconnected
[2026-03-15 20:47:01.961] [INFO] Initial TCP position calculated
[2026-03-15 20:47:02.226] [SUCCESS] Kinmatech Robotics application started
[2026-03-15 20:47:02.711] [WARNING] Pendant disconnected
[2026-03-15 20:47:04.271] [WARNING] Pendant disconnected
[2026-03-15 20:47:06.549] [WARNING] Pendant disconnected
[2026-03-15 20:47:07.129] [SUCCESS] Robot connection established
[2026-03-15 20:47:08.979] [JOG] Jog mode activated
[2026-03-15 20:47:09.672] [PROGRAM] Teach mode activated - program editing enabled
[2026-03-15 20:47:09.992] [WARNING] Pendant disconnected
[2026-03-15 20:47:15.198] [WARNING] Pendant disconnected
[2026-03-15 20:47:17.520] [JOG] Started continuous jog: Joint 1 ↓
[2026-03-15 20:47:17.930] [JOG] Joint 2 ↓ → -5.0°
[2026-03-15 20:47:18.033] [JOG] Joint 2 ↓ → -6.0°
[2026-03-15 20:47:18.151] [JOG] Joint 2 ↓ → -7.0°
[2026-03-15 20:47:18.258] [JOG] Joint 2 ↓ → -8.0°
[2026-03-15 20:47:18.366] [JOG] Joint 2 ↓ → -9.0°
[2026-03-15 20:47:18.471] [JOG] Joint 2 ↓ → -10.0°
[2026-03-15 20:47:18.584] [JOG] Stopped continuous jog
[2026-03-15 20:47:18.584] [JOG] Joint 2 ↓ → -11.0°
[2026-03-15 20:47:19.430] [JOG] Started continuous jog: Joint 1 ↑
[2026-03-15 20:47:19.839] [JOG] Joint 2 ↑ → -10.0°
[2026-03-15 20:47:19.984] [JOG] Joint 2 ↑ → -9.0°
[2026-03-15 20:47:20.104] [JOG] Joint 2 ↑ → -8.0°
[2026-03-15 20:47:20.156] [JOG] Joint 2 ↑ → -7.0°
[2026-03-15 20:47:20.306] [JOG] Joint 2 ↑ → -6.0°
[2026-03-15 20:47:20.360] [JOG] Joint 2 ↑ → -5.0°
[2026-03-15 20:47:20.474] [JOG] Joint 2 ↑ → -4.0°
[2026-03-15 20:47:20.579] [JOG] Joint 2 ↑ → -3.0°
[2026-03-15 20:47:20.683] [JOG] Joint 2 ↑ → -2.0°
[2026-03-15 20:47:20.789] [JOG] Joint 2 ↑ → -1.0°
[2026-03-15 20:47:20.896] [JOG] Joint 2 ↑ → 0.0°
[2026-03-15 20:47:20.956] [JOG] Stopped continuous jog
[2026-03-15 20:47:20.956] [JOG] Joint 2 ↑ → 1.0°
[2026-03-15 20:47:23.143] [WARNING] Pendant disconnected
[2026-03-15 20:47:24.935] [JOG] Started continuous jog: Joint 1 ↑
[2026-03-15 20:47:25.343] [JOG] Joint 2 ↑ → 2.0°
[2026-03-15 20:47:25.490] [JOG] Joint 2 ↑ → 3.0°
[2026-03-15 20:47:25.593] [JOG] Joint 2 ↑ → 4.0°
[2026-03-15 20:47:25.697] [JOG] Joint 2 ↑ → 5.0°
[2026-03-15 20:47:25.751] [JOG] Joint 2 ↑ → 6.0°
[2026-03-15 20:47:25.869] [JOG] Joint 2 ↑ → 7.0°
[2026-03-15 20:47:25.959] [JOG] Joint 2 ↑ → 8.0°
[2026-03-15 20:47:26.125] [JOG] Joint 2 ↑ → 9.0°
[2026-03-15 20:47:26.177] [JOG] Joint 2 ↑ → 10.0°
[2026-03-15 20:47:26.293] [JOG] Joint 2 ↑ → 11.0°
[2026-03-15 20:47:26.383] [JOG] Joint 2 ↑ → 12.0°
[2026-03-15 20:47:26.535] [JOG] Joint 2 ↑ → 13.0°
[2026-03-15 20:47:26.589] [JOG] Joint 2 ↑ → 14.0°
[2026-03-15 20:47:26.690] [JOG] Joint 2 ↑ → 15.0°
[2026-03-15 20:47:26.753] [JOG] Joint 2 ↑ → 16.0°
[2026-03-15 20:47:26.870] [JOG] Joint 2 ↑ → 17.0°
[2026-03-15 20:47:26.976] [JOG] Joint 2 ↑ → 18.0°
[2026-03-15 20:47:27.089] [JOG] Joint 2 ↑ → 19.0°
[2026-03-15 20:47:27.192] [JOG] Joint 2 ↑ → 20.0°
[2026-03-15 20:47:27.296] [JOG] Joint 2 ↑ → 21.0°
[2026-03-15 20:47:27.364] [JOG] Joint 2 ↑ → 22.0°
[2026-03-15 20:47:27.453] [JOG] Joint 2 ↑ → 23.0°
[2026-03-15 20:47:27.567] [JOG] Joint 2 ↑ → 24.0°
[2026-03-15 20:47:27.672] [JOG] Joint 2 ↑ → 25.0°
[2026-03-15 20:47:27.790] [JOG] Joint 2 ↑ → 26.0°
[2026-03-15 20:47:27.895] [JOG] Joint 2 ↑ → 27.0°
[2026-03-15 20:47:27.999] [JOG] Joint 2 ↑ → 28.0°
[2026-03-15 20:47:28.052] [JOG] Joint 2 ↑ → 29.0°
[2026-03-15 20:47:28.166] [JOG] Joint 2 ↑ → 30.0°
[2026-03-15 20:47:28.270] [JOG] Joint 2 ↑ → 31.0°
[2026-03-15 20:47:28.377] [JOG] Joint 2 ↑ → 32.0°
[2026-03-15 20:47:28.483] [JOG] Joint 2 ↑ → 33.0°
[2026-03-15 20:47:28.550] [JOG] Joint 2 ↑ → 34.0°
[2026-03-15 20:47:28.655] [JOG] Joint 2 ↑ → 35.0°
[2026-03-15 20:47:28.769] [JOG] Joint 2 ↑ → 36.0°
[2026-03-15 20:47:28.861] [JOG] Joint 2 ↑ → 37.0°
[2026-03-15 20:47:28.976] [JOG] Joint 2 ↑ → 38.0°
[2026-03-15 20:47:29.079] [JOG] Joint 2 ↑ → 39.0°
[2026-03-15 20:47:29.184] [JOG] Joint 2 ↑ → 40.0°
[2026-03-15 20:47:29.287] [JOG] Joint 2 ↑ → 41.0°
[2026-03-15 20:47:29.394] [JOG] Joint 2 ↑ → 42.0°
[2026-03-15 20:47:29.461] [JOG] Joint 2 ↑ → 43.0°
[2026-03-15 20:47:29.566] [JOG] Joint 2 ↑ → 44.0°
[2026-03-15 20:47:29.680] [JOG] Joint 2 ↑ → 45.0°
[2026-03-15 20:47:29.784] [JOG] Joint 2 ↑ → 46.0°
[2026-03-15 20:47:29.890] [JOG] Joint 2 ↑ → 47.0°
[2026-03-15 20:47:29.993] [JOG] Joint 2 ↑ → 48.0°
[2026-03-15 20:47:30.098] [JOG] Joint 2 ↑ → 49.0°
[2026-03-15 20:47:30.150] [JOG] Joint 2 ↑ → 50.0°
[2026-03-15 20:47:30.267] [JOG] Joint 2 ↑ → 51.0°
[2026-03-15 20:47:30.374] [JOG] Joint 2 ↑ → 52.0°
[2026-03-15 20:47:30.490] [JOG] Stopped continuous jog
[2026-03-15 20:47:30.490] [JOG] Joint 2 ↑ → 53.0°
[2026-03-15 20:47:32.969] [JOG] Started continuous jog: Joint 2 ↑
[2026-03-15 20:47:33.368] [JOG] Joint 3 ↑ → 5.5°
[2026-03-15 20:47:33.463] [JOG] Joint 3 ↑ → 6.5°
[2026-03-15 20:47:33.580] [JOG] Joint 3 ↑ → 7.5°
[2026-03-15 20:47:33.686] [JOG] Joint 3 ↑ → 8.5°
[2026-03-15 20:47:33.739] [WARNING] Pendant disconnected
[2026-03-15 20:47:33.753] [JOG] Joint 3 ↑ → 9.5°
[2026-03-15 20:47:33.895] [JOG] Joint 3 ↑ → 10.5°
[2026-03-15 20:47:33.949] [JOG] Joint 3 ↑ → 11.5°
[2026-03-15 20:47:34.080] [JOG] Joint 3 ↑ → 12.5°
[2026-03-15 20:47:34.186] [JOG] Joint 3 ↑ → 13.5°
[2026-03-15 20:47:34.253] [JOG] Joint 3 ↑ → 14.5°
[2026-03-15 20:47:34.394] [JOG] Joint 3 ↑ → 15.5°
[2026-03-15 20:47:34.498] [JOG] Joint 3 ↑ → 16.5°
[2026-03-15 20:47:34.551] [JOG] Joint 3 ↑ → 17.5°
[2026-03-15 20:47:34.666] [JOG] Joint 3 ↑ → 18.5°
[2026-03-15 20:47:34.773] [JOG] Joint 3 ↑ → 19.5°
[2026-03-15 20:47:34.894] [JOG] Joint 3 ↑ → 20.5°
[2026-03-15 20:47:34.997] [JOG] Joint 3 ↑ → 21.5°
[2026-03-15 20:47:35.051] [JOG] Joint 3 ↑ → 22.5°
[2026-03-15 20:47:35.166] [JOG] Joint 3 ↑ → 23.5°
[2026-03-15 20:47:35.273] [JOG] Joint 3 ↑ → 24.5°
[2026-03-15 20:47:35.378] [JOG] Joint 3 ↑ → 25.5°
[2026-03-15 20:47:35.482] [JOG] Joint 3 ↑ → 26.5°
[2026-03-15 20:47:35.586] [JOG] Joint 3 ↑ → 27.5°
[2026-03-15 20:47:35.691] [JOG] Joint 3 ↑ → 28.5°
[2026-03-15 20:47:35.760] [JOG] Joint 3 ↑ → 29.5°
[2026-03-15 20:47:35.867] [JOG] Stopped continuous jog
[2026-03-15 20:47:35.867] [JOG] Joint 3 ↑ → 30.5°
[2026-03-15 20:47:44.191] [WARNING] Pendant disconnected
[2026-03-15 20:47:45.186] [JOG] Started continuous jog: Cart Y ↑
[2026-03-15 20:47:45.593] [JOG] Cartesian Y ↑ → -482.4mm
[2026-03-15 20:47:45.735] [JOG] Cartesian Y ↑ → -481.5mm
[2026-03-15 20:47:45.795] [JOG] Cartesian Y ↑ → -480.5mm
[2026-03-15 20:47:45.954] [JOG] Cartesian Y ↑ → -479.6mm
[2026-03-15 20:47:46.013] [JOG] Cartesian Y ↑ → -478.6mm
[2026-03-15 20:47:46.067] [JOG] Cartesian Y ↑ → -477.6mm
[2026-03-15 20:47:46.187] [JOG] Cartesian Y ↑ → -476.7mm
[2026-03-15 20:47:46.313] [JOG] Cartesian Y ↑ → -475.8mm
[2026-03-15 20:47:46.388] [JOG] Cartesian Y ↑ → -474.8mm
[2026-03-15 20:47:46.533] [JOG] Cartesian Y ↑ → -473.9mm
[2026-03-15 20:47:46.642] [JOG] Cartesian Y ↑ → -473.0mm
[2026-03-15 20:47:46.698] [JOG] Cartesian Y ↑ → -472.0mm
[2026-03-15 20:47:46.753] [JOG] Cartesian Y ↑ → -472.0mm
[2026-03-15 20:47:46.957] [JOG] Cartesian Y ↑ → -471.0mm
[2026-03-15 20:47:47.069] [JOG] Cartesian Y ↑ → -470.1mm
[2026-03-15 20:47:47.178] [JOG] Cartesian Y ↑ → -469.2mm
[2026-03-15 20:47:47.311] [JOG] Cartesian Y ↑ → -468.2mm
[2026-03-15 20:47:47.426] [JOG] Cartesian Y ↑ → -467.3mm
[2026-03-15 20:47:47.507] [JOG] Cartesian Y ↑ → -466.4mm
[2026-03-15 20:47:47.553] [JOG] Cartesian Y ↑ → -465.4mm
[2026-03-15 20:47:47.674] [JOG] Cartesian Y ↑ → -464.4mm
[2026-03-15 20:47:47.781] [JOG] Cartesian Y ↑ → -463.5mm
[2026-03-15 20:47:47.890] [JOG] Cartesian Y ↑ → -462.6mm
[2026-03-15 20:47:48.048] [JOG] Cartesian Y ↑ → -461.6mm
[2026-03-15 20:47:48.055] [JOG] Cartesian Y ↑ → -460.6mm
[2026-03-15 20:47:48.241] [JOG] Cartesian Y ↑ → -459.7mm
[2026-03-15 20:47:48.252] [JOG] Cartesian Y ↑ → -458.7mm
[2026-03-15 20:47:48.375] [JOG] Cartesian Y ↑ → -458.7mm
[2026-03-15 20:47:48.527] [JOG] Cartesian Y ↑ → -457.7mm
[2026-03-15 20:47:48.636] [JOG] Cartesian Y ↑ → -456.8mm
[2026-03-15 20:47:48.701] [JOG] Cartesian Y ↑ → -455.8mm
[2026-03-15 20:47:48.768] [JOG] Cartesian Y ↑ → -454.8mm
[2026-03-15 20:47:48.925] [JOG] Cartesian Y ↑ → -453.9mm
[2026-03-15 20:47:49.051] [JOG] Cartesian Y ↑ → -453.0mm
[2026-03-15 20:47:49.161] [JOG] Cartesian Y ↑ → -452.0mm
[2026-03-15 20:47:49.272] [JOG] Cartesian Y ↑ → -451.1mm
[2026-03-15 20:47:49.384] [JOG] Cartesian Y ↑ → -450.2mm
[2026-03-15 20:47:49.496] [JOG] Cartesian Y ↑ → -449.2mm
[2026-03-15 20:47:49.577] [JOG] Cartesian Y ↑ → -448.3mm
[2026-03-15 20:47:49.721] [JOG] Cartesian Y ↑ → -447.4mm
[2026-03-15 20:47:49.796] [JOG] Cartesian Y ↑ → -446.4mm
[2026-03-15 20:47:49.904] [JOG] Cartesian Y ↑ → -445.5mm
[2026-03-15 20:47:50.014] [JOG] Cartesian Y ↑ → -444.5mm
[2026-03-15 20:47:50.069] [JOG] Cartesian Y ↑ → -443.5mm
[2026-03-15 20:47:50.188] [JOG] Cartesian Y ↑ → -442.6mm
[2026-03-15 20:47:50.346] [JOG] Cartesian Y ↑ → -441.7mm
[2026-03-15 20:47:50.354] [JOG] Cartesian Y ↑ → -440.7mm
[2026-03-15 20:47:50.464] [JOG] Cartesian Y ↑ → -439.7mm
[2026-03-15 20:47:50.585] [JOG] Stopped continuous jog
[2026-03-15 20:47:50.587] [JOG] Cartesian Y ↑ → -438.8mm
[2026-03-15 20:47:54.535] [JOG] Started continuous jog: Cart Y ↑
[2026-03-15 20:47:54.824] [WARNING] Pendant disconnected
[2026-03-15 20:47:54.954] [JOG] Cartesian Y ↑ → -429.8mm
[2026-03-15 20:47:55.101] [JOG] Cartesian Y ↑ → -420.9mm
[2026-03-15 20:47:55.168] [JOG] Cartesian Y ↑ → -412.0mm
[2026-03-15 20:47:55.291] [JOG] Cartesian Y ↑ → -403.1mm
[2026-03-15 20:47:55.399] [JOG] Cartesian Y ↑ → -394.1mm
[2026-03-15 20:47:55.519] [JOG] Cartesian Y ↑ → -385.1mm
[2026-03-15 20:47:55.563] [JOG] Cartesian Y ↑ → -376.1mm
[2026-03-15 20:47:55.684] [JOG] Cartesian Y ↑ → -376.2mm
[2026-03-15 20:47:55.790] [JOG] Cartesian Y ↑ → -367.2mm
[2026-03-15 20:47:55.861] [JOG] Cartesian Y ↑ → -358.2mm
[2026-03-15 20:47:56.020] [JOG] Cartesian Y ↑ → -349.3mm
[2026-03-15 20:47:56.112] [JOG] Cartesian Y ↑ → -340.3mm
[2026-03-15 20:47:56.168] [JOG] Cartesian Y ↑ → -331.3mm
[2026-03-15 20:47:56.327] [JOG] Cartesian Y ↑ → -322.4mm
[2026-03-15 20:47:56.438] [JOG] Cartesian Y ↑ → -313.5mm
[2026-03-15 20:47:56.501] [JOG] Cartesian Y ↑ → -304.6mm
[2026-03-15 20:47:56.569] [JOG] Cartesian Y ↑ → -295.6mm
[2026-03-15 20:47:56.689] [JOG] Cartesian Y ↑ → -286.6mm
[2026-03-15 20:47:56.835] [JOG] Cartesian Y ↑ → -277.7mm
[2026-03-15 20:47:56.894] [JOG] Cartesian Y ↑ → -268.8mm
[2026-03-15 20:47:56.962] [JOG] Cartesian Y ↑ → -259.8mm
[2026-03-15 20:47:57.072] [JOG] Cartesian Y ↑ → -250.8mm
[2026-03-15 20:47:57.196] [JOG] Cartesian Y ↑ → -241.9mm
[2026-03-15 20:47:57.264] [JOG] Cartesian Y ↑ → -232.9mm
[2026-03-15 20:47:57.386] [JOG] Cartesian Y ↑ → -224.0mm
[2026-03-15 20:47:57.532] [JOG] Cartesian Y ↑ → -215.1mm
[2026-03-15 20:47:57.591] [JOG] Cartesian Y ↑ → -206.1mm
[2026-03-15 20:47:57.749] [JOG] Cartesian Y ↑ → -197.2mm
[2026-03-15 20:47:57.755] [JOG] Cartesian Y ↑ → -188.2mm
[2026-03-15 20:47:57.904] [JOG] Cartesian Y ↑ → -179.3mm
[2026-03-15 20:47:57.999] [JOG] Cartesian Y ↑ → -170.3mm
[2026-03-15 20:47:58.054] [JOG] Cartesian Y ↑ → -161.3mm
[2026-03-15 20:47:58.185] [JOG] Cartesian Y ↑ → -152.4mm
[2026-03-15 20:47:58.331] [JOG] Cartesian Y ↑ → -143.5mm
[2026-03-15 20:47:58.407] [JOG] Cartesian Y ↑ → -134.5mm
[2026-03-15 20:47:58.451] [JOG] Cartesian Y ↑ → -125.5mm
[2026-03-15 20:47:58.570] [JOG] Cartesian Y ↑ → -116.6mm
[2026-03-15 20:47:58.678] [JOG] Cartesian Y ↑ → -107.7mm
[2026-03-15 20:47:58.801] [JOG] Cartesian Y ↑ → -98.7mm
[2026-03-15 20:47:58.870] [JOG] Cartesian Y ↑ → -98.8mm
[2026-03-15 20:47:58.975] [JOG] Cartesian Y ↑ → -89.8mm
[2026-03-15 20:47:59.132] [JOG] Cartesian Y ↑ → -80.8mm
[2026-03-15 20:47:59.240] [JOG] Cartesian Y ↑ → -71.9mm
[2026-03-15 20:47:59.347] [JOG] Cartesian Y ↑ → -63.0mm
[2026-03-15 20:47:59.356] [JOG] Cartesian Y ↑ → -54.0mm
[2026-03-15 20:47:59.474] [JOG] Cartesian Y ↑ → -45.0mm
[2026-03-15 20:47:59.582] [JOG] Cartesian Y ↑ → -36.1mm
[2026-03-15 20:47:59.706] [JOG] Cartesian Y ↑ → -27.2mm
[2026-03-15 20:47:59.760] [JOG] Cartesian Y ↑ → -18.2mm
[2026-03-15 20:47:59.895] [JOG] Cartesian Y ↑ → -9.2mm
[2026-03-15 20:48:00.004] [JOG] Cartesian Y ↑ → -0.3mm
[2026-03-15 20:48:00.149] [JOG] Cartesian Y ↑ → 8.6mm
[2026-03-15 20:48:00.156] [JOG] Cartesian Y ↑ → 17.6mm
[2026-03-15 20:48:00.272] [JOG] Cartesian Y ↑ → 17.5mm
[2026-03-15 20:48:00.430] [JOG] Cartesian Y ↑ → 26.5mm
[2026-03-15 20:48:00.546] [JOG] Cartesian Y ↑ → 35.5mm
[2026-03-15 20:48:00.553] [JOG] Cartesian Y ↑ → 44.5mm
[2026-03-15 20:48:00.692] [JOG] Cartesian Y ↑ → 53.4mm
[2026-03-15 20:48:00.801] [JOG] Cartesian Y ↑ → 62.3mm
[2026-03-15 20:48:00.859] [JOG] Cartesian Y ↑ → 71.3mm
[2026-03-15 20:48:00.980] [JOG] Cartesian Y ↑ → 80.3mm
[2026-03-15 20:48:01.088] [JOG] Cartesian Y ↑ → 89.2mm
[2026-03-15 20:48:01.194] [JOG] Cartesian Y ↑ → 98.1mm
[2026-03-15 20:48:01.305] [JOG] Cartesian Y ↑ → 107.1mm
[2026-03-15 20:48:01.465] [JOG] Cartesian Y ↑ → 116.0mm
[2026-03-15 20:48:01.594] [JOG] Cartesian Y ↑ → 125.0mm
[2026-03-15 20:48:01.702] [JOG] Cartesian Y ↑ → 133.9mm
[2026-03-15 20:48:01.816] [JOG] Cartesian Y ↑ → 142.8mm
[2026-03-15 20:48:01.828] [JOG] Stopped continuous jog
[2026-03-15 20:48:01.831] [JOG] Cartesian Y ↑ → 151.8mm
[2026-03-15 20:48:05.236] [JOG] Started continuous jog: Cart Y ↓
[2026-03-15 20:48:05.570] [WARNING] Pendant disconnected
[2026-03-15 20:48:05.654] [JOG] Cartesian Y ↓ → 142.8mm
[2026-03-15 20:48:05.795] [JOG] Cartesian Y ↓ → 133.8mm
[2026-03-15 20:48:05.906] [JOG] Cartesian Y ↓ → 124.9mm
[2026-03-15 20:48:05.974] [JOG] Cartesian Y ↓ → 116.0mm
[2026-03-15 20:48:06.150] [JOG] Cartesian Y ↓ → 107.1mm
[2026-03-15 20:48:06.157] [JOG] Cartesian Y ↓ → 98.1mm
[2026-03-15 20:48:06.267] [JOG] Cartesian Y ↓ → 89.1mm
[2026-03-15 20:48:06.382] [JOG] Cartesian Y ↓ → 80.2mm
[2026-03-15 20:48:06.456] [JOG] Cartesian Y ↓ → 71.3mm
[2026-03-15 20:48:06.602] [JOG] Cartesian Y ↓ → 62.3mm
[2026-03-15 20:48:06.666] [JOG] Cartesian Y ↓ → 53.4mm
[2026-03-15 20:48:06.774] [JOG] Cartesian Y ↓ → 44.5mm
[2026-03-15 20:48:06.934] [JOG] Cartesian Y ↓ → 35.6mm
[2026-03-15 20:48:07.008] [JOG] Cartesian Y ↓ → 26.6mm
[2026-03-15 20:48:07.069] [JOG] Cartesian Y ↓ → 17.6mm
[2026-03-15 20:48:07.186] [JOG] Cartesian Y ↓ → 8.7mm
[2026-03-15 20:48:07.345] [JOG] Cartesian Y ↓ → -0.2mm
[2026-03-15 20:48:07.353] [JOG] Cartesian Y ↓ → -9.2mm
[2026-03-15 20:48:07.463] [JOG] Cartesian Y ↓ → -18.2mm
[2026-03-15 20:48:07.572] [JOG] Cartesian Y ↓ → -27.1mm
[2026-03-15 20:48:07.684] [JOG] Cartesian Y ↓ → -36.0mm
[2026-03-15 20:48:07.765] [JOG] Cartesian Y ↓ → -44.9mm
[2026-03-15 20:48:07.915] [JOG] Cartesian Y ↓ → -53.9mm
[2026-03-15 20:48:08.045] [JOG] Cartesian Y ↓ → -62.8mm
[2026-03-15 20:48:08.052] [JOG] Cartesian Y ↓ → -71.8mm
[2026-03-15 20:48:08.227] [JOG] Cartesian Y ↓ → -80.7mm
[2026-03-15 20:48:08.339] [JOG] Cartesian Y ↓ → -89.7mm
[2026-03-15 20:48:08.451] [JOG] Cartesian Y ↓ → -98.6mm
[2026-03-15 20:48:08.564] [JOG] Cartesian Y ↓ → -107.5mm
[2026-03-15 20:48:08.672] [JOG] Cartesian Y ↓ → -116.4mm
[2026-03-15 20:48:08.782] [JOG] Cartesian Y ↓ → -125.4mm
[2026-03-15 20:48:08.910] [JOG] Cartesian Y ↓ → -134.3mm
[2026-03-15 20:48:09.026] [JOG] Cartesian Y ↓ → -143.2mm
[2026-03-15 20:48:09.134] [JOG] Cartesian Y ↓ → -152.2mm
[2026-03-15 20:48:09.264] [JOG] Cartesian Y ↓ → -161.1mm
[2026-03-15 20:48:09.391] [JOG] Cartesian Y ↓ → -170.0mm
[2026-03-15 20:48:09.462] [JOG] Cartesian Y ↓ → -178.9mm
[2026-03-15 20:48:09.609] [JOG] Cartesian Y ↓ → -187.9mm
[2026-03-15 20:48:09.729] [JOG] Cartesian Y ↓ → -196.8mm
[2026-03-15 20:48:09.844] [JOG] Cartesian Y ↓ → -205.7mm
[2026-03-15 20:48:09.852] [JOG] Cartesian Y ↓ → -214.7mm
[2026-03-15 20:48:09.978] [JOG] Cartesian Y ↓ → -223.7mm
[2026-03-15 20:48:10.086] [JOG] Cartesian Y ↓ → -232.6mm
[2026-03-15 20:48:10.194] [JOG] Cartesian Y ↓ → -241.5mm
[2026-03-15 20:48:10.305] [JOG] Cartesian Y ↓ → -250.5mm
[2026-03-15 20:48:10.416] [JOG] Cartesian Y ↓ → -259.4mm
[2026-03-15 20:48:10.528] [JOG] Cartesian Y ↓ → -268.3mm
[2026-03-15 20:48:10.637] [JOG] Cartesian Y ↓ → -277.2mm
[2026-03-15 20:48:10.747] [JOG] Cartesian Y ↓ → -286.2mm
[2026-03-15 20:48:10.753] [JOG] Cartesian Y ↓ → -295.2mm
[2026-03-15 20:48:10.884] [JOG] Cartesian Y ↓ → -304.1mm
[2026-03-15 20:48:10.996] [JOG] Cartesian Y ↓ → -313.0mm
[2026-03-15 20:48:11.105] [JOG] Cartesian Y ↓ → -322.0mm
[2026-03-15 20:48:11.180] [JOG] Cartesian Y ↓ → -330.9mm
[2026-03-15 20:48:11.326] [JOG] Cartesian Y ↓ → -339.8mm
[2026-03-15 20:48:11.407] [JOG] Cartesian Y ↓ → -348.8mm
[2026-03-15 20:48:11.453] [JOG] Cartesian Y ↓ → -357.8mm
[2026-03-15 20:48:11.584] [JOG] Cartesian Y ↓ → -366.7mm
[2026-03-15 20:48:11.729] [JOG] Cartesian Y ↓ → -375.6mm
[2026-03-15 20:48:11.854] [JOG] Cartesian Y ↓ → -384.6mm
[2026-03-15 20:48:11.965] [JOG] Cartesian Y ↓ → -393.5mm
[2026-03-15 20:48:12.078] [JOG] Cartesian Y ↓ → -402.4mm
[2026-03-15 20:48:12.187] [JOG] Cartesian Y ↓ → -411.4mm
[2026-03-15 20:48:12.295] [JOG] Cartesian Y ↓ → -420.3mm
[2026-03-15 20:48:12.410] [JOG] Cartesian Y ↓ → -429.2mm
[2026-03-15 20:48:12.525] [JOG] Cartesian Y ↓ → -438.2mm
[2026-03-15 20:48:12.635] [JOG] Cartesian Y ↓ → -447.1mm
[2026-03-15 20:48:12.759] [JOG] Cartesian Y ↓ → -456.0mm
[2026-03-15 20:48:12.870] [JOG] Cartesian Y ↓ → -464.9mm
[2026-03-15 20:48:12.983] [JOG] Cartesian Y ↓ → -473.9mm
[2026-03-15 20:48:13.097] [JOG] Cartesian Y ↓ → -482.8mm
[2026-03-15 20:48:13.161] [JOG] Stopped continuous jog
[2026-03-15 20:48:13.163] [JOG] Cartesian Y ↓ → -491.7mm
[2026-03-15 20:48:14.752] [JOG] Started continuous jog: Cart X ↑
[2026-03-15 20:48:15.162] [JOG] Cartesian X ↑ → 287.2mm
[2026-03-15 20:48:15.303] [JOG] Cartesian X ↑ → 296.1mm
[2026-03-15 20:48:15.380] [JOG] Cartesian X ↑ → 305.1mm
[2026-03-15 20:48:15.545] [JOG] Cartesian X ↑ → 314.0mm
[2026-03-15 20:48:15.551] [JOG] Cartesian X ↑ → 323.0mm
[2026-03-15 20:48:15.664] [JOG] Cartesian X ↑ → 331.9mm
[2026-03-15 20:48:15.774] [JOG] Cartesian X ↑ → 340.8mm
[2026-03-15 20:48:15.888] [JOG] Cartesian X ↑ → 349.8mm
[2026-03-15 20:48:15.995] [JOG] Cartesian X ↑ → 358.7mm
[2026-03-15 20:48:16.057] [JOG] Cartesian X ↑ → 367.6mm
[2026-03-15 20:48:16.216] [JOG] Cartesian X ↑ → 376.6mm
[2026-03-15 20:48:16.285] [JOG] Cartesian X ↑ → 385.5mm
[2026-03-15 20:48:16.355] [JOG] Cartesian X ↑ → 394.4mm
[2026-03-15 20:48:16.480] [JOG] Cartesian X ↑ → 403.4mm
[2026-03-15 20:48:16.573] [JOG] Cartesian X ↑ → 412.4mm
[2026-03-15 20:48:16.573] [WARNING] Pendant disconnected
[2026-03-15 20:48:16.694] [JOG] Cartesian X ↑ → 421.3mm
[2026-03-15 20:48:16.767] [JOG] Cartesian X ↑ → 430.2mm
[2026-03-15 20:48:16.920] [JOG] Cartesian X ↑ → 439.2mm
[2026-03-15 20:48:16.995] [JOG] Cartesian X ↑ → 448.1mm
[2026-03-15 20:48:17.095] [JOG] Cartesian X ↑ → 457.0mm
[2026-03-15 20:48:17.161] [JOG] Cartesian X ↑ → 466.0mm
[2026-03-15 20:48:17.256] [JOG] Cartesian X ↑ → 475.0mm
[2026-03-15 20:48:17.373] [JOG] Cartesian X ↑ → 474.9mm
[2026-03-15 20:48:17.602] [JOG] Cartesian X ↑ → 483.9mm
[2026-03-15 20:48:17.712] [JOG] Cartesian X ↑ → 492.8mm
[2026-03-15 20:48:17.822] [JOG] Cartesian X ↑ → 501.8mm
[2026-03-15 20:48:17.934] [JOG] Cartesian X ↑ → 510.7mm
[2026-03-15 20:48:18.049] [JOG] Cartesian X ↑ → 519.6mm
[2026-03-15 20:48:18.158] [JOG] Cartesian X ↑ → 528.5mm
[2026-03-15 20:48:18.232] [JOG] Cartesian X ↑ → 537.5mm
[2026-03-15 20:48:18.396] [JOG] Cartesian X ↑ → 546.4mm
[2026-03-15 20:48:18.512] [JOG] Cartesian X ↑ → 555.3mm
[2026-03-15 20:48:18.591] [JOG] Cartesian X ↑ → 564.2mm
[2026-03-15 20:48:18.739] [JOG] Cartesian X ↑ → 573.2mm
[2026-03-15 20:48:18.848] [JOG] Cartesian X ↑ → 582.1mm
[2026-03-15 20:48:18.857] [JOG] Cartesian X ↑ → 591.1mm
[2026-03-15 20:48:18.975] [JOG] Cartesian X ↑ → 591.0mm
[2026-03-15 20:48:19.083] [JOG] Stopped continuous jog
[2026-03-15 20:48:19.086] [JOG] Cartesian X ↑ → 600.0mm
[2026-03-15 20:48:20.202] [JOG] Started continuous jog: Cart Z ↓
[2026-03-15 20:48:20.620] [JOG] Cartesian Z ↓ → 1551.1mm
[2026-03-15 20:48:20.761] [JOG] Cartesian Z ↓ → 1542.2mm
[2026-03-15 20:48:20.872] [JOG] Cartesian Z ↓ → 1533.2mm
[2026-03-15 20:48:20.948] [JOG] Cartesian Z ↓ → 1524.3mm
[2026-03-15 20:48:21.095] [JOG] Cartesian Z ↓ → 1515.4mm
[2026-03-15 20:48:21.212] [JOG] Cartesian Z ↓ → 1506.5mm
[2026-03-15 20:48:21.277] [JOG] Cartesian Z ↓ → 1497.5mm
[2026-03-15 20:48:21.437] [JOG] Cartesian Z ↓ → 1488.6mm
[2026-03-15 20:48:21.547] [JOG] Cartesian Z ↓ → 1479.7mm
[2026-03-15 20:48:21.553] [JOG] Cartesian Z ↓ → 1470.7mm
[2026-03-15 20:48:21.745] [JOG] Cartesian Z ↓ → 1461.7mm
[2026-03-15 20:48:21.762] [JOG] Cartesian Z ↓ → 1452.7mm
[2026-03-15 20:48:21.922] [JOG] Cartesian Z ↓ → 1443.8mm
[2026-03-15 20:48:22.031] [JOG] Cartesian Z ↓ → 1434.9mm
[2026-03-15 20:48:22.108] [JOG] Cartesian Z ↓ → 1425.9mm
[2026-03-15 20:48:22.153] [JOG] Cartesian Z ↓ → 1416.9mm
[2026-03-15 20:48:22.284] [JOG] Cartesian Z ↓ → 1408.0mm
[2026-03-15 20:48:22.394] [JOG] Cartesian Z ↓ → 1399.1mm
[2026-03-15 20:48:22.452] [JOG] Cartesian Z ↓ → 1390.1mm
[2026-03-15 20:48:22.625] [JOG] Cartesian Z ↓ → 1381.2mm
[2026-03-15 20:48:22.734] [JOG] Cartesian Z ↓ → 1372.2mm
[2026-03-15 20:48:22.802] [JOG] Cartesian Z ↓ → 1363.3mm
[2026-03-15 20:48:22.872] [JOG] Cartesian Z ↓ → 1354.4mm
[2026-03-15 20:48:22.965] [JOG] Cartesian Z ↓ → 1345.4mm
[2026-03-15 20:48:23.088] [JOG] Cartesian Z ↓ → 1336.5mm
[2026-03-15 20:48:23.247] [JOG] Cartesian Z ↓ → 1327.5mm
[2026-03-15 20:48:23.254] [JOG] Cartesian Z ↓ → 1318.5mm
[2026-03-15 20:48:23.446] [JOG] Cartesian Z ↓ → 1309.6mm
[2026-03-15 20:48:23.452] [JOG] Cartesian Z ↓ → 1300.6mm
[2026-03-15 20:48:23.561] [JOG] Cartesian Z ↓ → 1291.7mm
[2026-03-15 20:48:23.673] [JOG] Cartesian Z ↓ → 1282.7mm
[2026-03-15 20:48:23.783] [JOG] Cartesian Z ↓ → 1273.8mm
[2026-03-15 20:48:23.896] [JOG] Cartesian Z ↓ → 1264.9mm
[2026-03-15 20:48:24.004] [JOG] Cartesian Z ↓ → 1255.9mm
[2026-03-15 20:48:24.077] [JOG] Cartesian Z ↓ → 1247.0mm
[2026-03-15 20:48:24.226] [JOG] Cartesian Z ↓ → 1238.1mm
[2026-03-15 20:48:24.298] [JOG] Cartesian Z ↓ → 1229.1mm
[2026-03-15 20:48:24.361] [JOG] Cartesian Z ↓ → 1220.1mm
[2026-03-15 20:48:24.477] [JOG] Cartesian Z ↓ → 1211.2mm
[2026-03-15 20:48:24.582] [JOG] Cartesian Z ↓ → 1202.2mm
[2026-03-15 20:48:24.687] [JOG] Cartesian Z ↓ → 1193.3mm
[2026-03-15 20:48:24.793] [JOG] Cartesian Z ↓ → 1184.3mm
[2026-03-15 20:48:24.900] [JOG] Cartesian Z ↓ → 1175.4mm
[2026-03-15 20:48:24.956] [JOG] Cartesian Z ↓ → 1166.4mm
[2026-03-15 20:48:25.129] [JOG] Cartesian Z ↓ → 1157.5mm
[2026-03-15 20:48:25.260] [JOG] Cartesian Z ↓ → 1148.5mm
[2026-03-15 20:48:25.373] [JOG] Cartesian Z ↓ → 1139.6mm
[2026-03-15 20:48:25.482] [JOG] Cartesian Z ↓ → 1130.7mm
[2026-03-15 20:48:25.590] [JOG] Cartesian Z ↓ → 1121.7mm
[2026-03-15 20:48:25.699] [JOG] Cartesian Z ↓ → 1112.8mm
[2026-03-15 20:48:25.811] [JOG] Cartesian Z ↓ → 1103.9mm
[2026-03-15 20:48:25.922] [JOG] Cartesian Z ↓ → 1095.0mm
[2026-03-15 20:48:25.997] [JOG] Cartesian Z ↓ → 1086.0mm
[2026-03-15 20:48:26.092] [JOG] Cartesian Z ↓ → 1077.1mm
[2026-03-15 20:48:26.164] [JOG] Cartesian Z ↓ → 1068.1mm
[2026-03-15 20:48:26.285] [JOG] Cartesian Z ↓ → 1059.2mm
[2026-03-15 20:48:26.393] [JOG] Cartesian Z ↓ → 1050.2mm
[2026-03-15 20:48:26.501] [JOG] Cartesian Z ↓ → 1041.3mm
[2026-03-15 20:48:26.556] [JOG] Cartesian Z ↓ → 1032.3mm
[2026-03-15 20:48:26.677] [JOG] Cartesian Z ↓ → 1023.4mm
[2026-03-15 20:48:26.799] [JOG] Cartesian Z ↓ → 1014.5mm
[2026-03-15 20:48:26.947] [JOG] Cartesian Z ↓ → 1005.5mm
[2026-03-15 20:48:26.954] [JOG] Cartesian Z ↓ → 996.5mm
[2026-03-15 20:48:27.141] [JOG] Cartesian Z ↓ → 987.6mm
[2026-03-15 20:48:27.198] [JOG] Cartesian Z ↓ → 978.7mm
[2026-03-15 20:48:27.252] [JOG] Cartesian Z ↓ → 969.7mm
[2026-03-15 20:48:27.429] [JOG] Cartesian Z ↓ → 960.8mm
[2026-03-15 20:48:27.492] [JOG] Cartesian Z ↓ → 951.8mm
[2026-03-15 20:48:27.493] [WARNING] Pendant disconnected
[2026-03-15 20:48:27.599] [JOG] Cartesian Z ↓ → 942.8mm
[2026-03-15 20:48:27.755] [JOG] Cartesian Z ↓ → 933.9mm
[2026-03-15 20:48:27.870] [JOG] Cartesian Z ↓ → 924.9mm
[2026-03-15 20:48:28.001] [JOG] Cartesian Z ↓ → 916.0mm
[2026-03-15 20:48:28.071] [JOG] Cartesian Z ↓ → 907.1mm
[2026-03-15 20:48:28.166] [JOG] Cartesian Z ↓ → 898.2mm
[2026-03-15 20:48:28.325] [JOG] Cartesian Z ↓ → 889.2mm
[2026-03-15 20:48:28.438] [JOG] Cartesian Z ↓ → 880.3mm
[2026-03-15 20:48:28.503] [JOG] Cartesian Z ↓ → 871.4mm
[2026-03-15 20:48:28.572] [JOG] Cartesian Z ↓ → 862.5mm
[2026-03-15 20:48:28.665] [JOG] Cartesian Z ↓ → 853.5mm
[2026-03-15 20:48:28.785] [JOG] Cartesian Z ↓ → 844.5mm
[2026-03-15 20:48:28.916] [JOG] Cartesian Z ↓ → 835.6mm
[2026-03-15 20:48:28.980] [JOG] Cartesian Z ↓ → 826.7mm
[2026-03-15 20:48:29.138] [JOG] Cartesian Z ↓ → 817.8mm
[2026-03-15 20:48:29.250] [JOG] Cartesian Z ↓ → 808.8mm
[2026-03-15 20:48:29.256] [JOG] Cartesian Z ↓ → 799.8mm
[2026-03-15 20:48:29.367] [JOG] Cartesian Z ↓ → 790.9mm
[2026-03-15 20:48:29.479] [JOG] Cartesian Z ↓ → 782.0mm
[2026-03-15 20:48:29.591] [JOG] Stopped continuous jog
[2026-03-15 20:48:29.593] [JOG] Cartesian Z ↓ → 773.0mm
[2026-03-15 20:48:35.553] [JOG] Started continuous jog: Cart Y ↑
[2026-03-15 20:48:35.958] [JOG] Cartesian Y ↑ → -482.6mm
[2026-03-15 20:48:36.116] [JOG] Cartesian Y ↑ → -473.7mm
[2026-03-15 20:48:36.225] [JOG] Cartesian Y ↑ → -464.8mm
[2026-03-15 20:48:36.290] [JOG] Cartesian Y ↑ → -455.9mm
[2026-03-15 20:48:36.398] [JOG] Cartesian Y ↑ → -446.9mm
[2026-03-15 20:48:36.518] [JOG] Cartesian Y ↑ → -437.9mm
[2026-03-15 20:48:36.562] [JOG] Cartesian Y ↑ → -428.9mm
[2026-03-15 20:48:36.682] [JOG] Cartesian Y ↑ → -420.0mm
[2026-03-15 20:48:36.760] [JOG] Cartesian Y ↑ → -411.1mm
[2026-03-15 20:48:36.910] [JOG] Cartesian Y ↑ → -402.1mm
[2026-03-15 20:48:37.003] [JOG] Cartesian Y ↑ → -393.2mm
[2026-03-15 20:48:37.097] [JOG] Cartesian Y ↑ → -384.2mm
[2026-03-15 20:48:37.208] [JOG] Cartesian Y ↑ → -375.3mm
[2026-03-15 20:48:37.328] [JOG] Cartesian Y ↑ → -366.3mm
[2026-03-15 20:48:37.374] [JOG] Cartesian Y ↑ → -357.3mm
[2026-03-15 20:48:37.456] [JOG] Cartesian Y ↑ → -357.4mm
[2026-03-15 20:48:37.563] [JOG] Cartesian Y ↑ → -348.4mm
[2026-03-15 20:48:37.722] [JOG] Cartesian Y ↑ → -339.5mm
[2026-03-15 20:48:37.832] [JOG] Cartesian Y ↑ → -330.6mm
[2026-03-15 20:48:37.960] [JOG] Cartesian Y ↑ → -321.6mm
[2026-03-15 20:48:38.075] [JOG] Cartesian Y ↑ → -312.7mm
[2026-03-15 20:48:38.075] [WARNING] Pendant disconnected
[2026-03-15 20:48:38.184] [JOG] Cartesian Y ↑ → -303.8mm
[2026-03-15 20:48:38.292] [JOG] Cartesian Y ↑ → -294.8mm
[2026-03-15 20:48:38.407] [JOG] Cartesian Y ↑ → -285.9mm
[2026-03-15 20:48:38.520] [JOG] Cartesian Y ↑ → -277.0mm
[2026-03-15 20:48:38.598] [JOG] Cartesian Y ↑ → -268.0mm
[2026-03-15 20:48:38.694] [JOG] Cartesian Y ↑ → -259.1mm
[2026-03-15 20:48:38.750] [JOG] Cartesian Y ↑ → -250.1mm
[2026-03-15 20:48:38.940] [JOG] Cartesian Y ↑ → -241.2mm
[2026-03-15 20:48:38.985] [JOG] Cartesian Y ↑ → -232.2mm
[2026-03-15 20:48:39.103] [JOG] Cartesian Y ↑ → -223.3mm
[2026-03-15 20:48:39.159] [JOG] Cartesian Y ↑ → -214.3mm
[2026-03-15 20:48:39.332] [JOG] Cartesian Y ↑ → -205.3mm
[2026-03-15 20:48:39.444] [JOG] Cartesian Y ↑ → -196.4mm
[2026-03-15 20:48:39.451] [JOG] Cartesian Y ↑ → -187.4mm
[2026-03-15 20:48:39.569] [JOG] Cartesian Y ↑ → -178.5mm
[2026-03-15 20:48:39.676] [JOG] Cartesian Y ↑ → -169.5mm
[2026-03-15 20:48:39.798] [JOG] Cartesian Y ↑ → -160.6mm
[2026-03-15 20:48:39.856] [JOG] Cartesian Y ↑ → -151.6mm
[2026-03-15 20:48:39.978] [JOG] Cartesian Y ↑ → -142.7mm
[2026-03-15 20:48:40.085] [JOG] Cartesian Y ↑ → -133.7mm
[2026-03-15 20:48:40.245] [JOG] Cartesian Y ↑ → -124.8mm
[2026-03-15 20:48:40.263] [JOG] Cartesian Y ↑ → -115.8mm
[2026-03-15 20:48:40.423] [JOG] Cartesian Y ↑ → -106.8mm
[2026-03-15 20:48:40.539] [JOG] Cartesian Y ↑ → -97.9mm
[2026-03-15 20:48:40.665] [JOG] Cartesian Y ↑ → -89.0mm
[2026-03-15 20:48:40.777] [JOG] Cartesian Y ↑ → -80.1mm
[2026-03-15 20:48:40.889] [JOG] Cartesian Y ↑ → -71.1mm
[2026-03-15 20:48:40.963] [JOG] Cartesian Y ↑ → -62.2mm
[2026-03-15 20:48:41.109] [JOG] Cartesian Y ↑ → -53.3mm
[2026-03-15 20:48:41.223] [JOG] Cartesian Y ↑ → -44.3mm
[2026-03-15 20:48:41.333] [JOG] Cartesian Y ↑ → -35.4mm
[2026-03-15 20:48:41.407] [JOG] Cartesian Y ↑ → -26.5mm
[2026-03-15 20:48:41.451] [JOG] Cartesian Y ↑ → -17.5mm
[2026-03-15 20:48:41.587] [JOG] Cartesian Y ↑ → -8.6mm
[2026-03-15 20:48:41.694] [JOG] Cartesian Y ↑ → 0.4mm
[2026-03-15 20:48:41.800] [JOG] Cartesian Y ↑ → 9.4mm
[2026-03-15 20:48:41.965] [JOG] Cartesian Y ↑ → 18.3mm
[2026-03-15 20:48:42.074] [JOG] Cartesian Y ↑ → 27.2mm
[2026-03-15 20:48:42.185] [JOG] Cartesian Y ↑ → 36.2mm
[2026-03-15 20:48:42.261] [JOG] Cartesian Y ↑ → 45.1mm
[2026-03-15 20:48:42.410] [JOG] Cartesian Y ↑ → 54.0mm
[2026-03-15 20:48:42.536] [JOG] Cartesian Y ↑ → 63.0mm
[2026-03-15 20:48:42.600] [JOG] Cartesian Y ↑ → 71.9mm
[2026-03-15 20:48:42.755] [JOG] Cartesian Y ↑ → 80.8mm
[2026-03-15 20:48:42.864] [JOG] Cartesian Y ↑ → 89.7mm
[2026-03-15 20:48:42.972] [JOG] Cartesian Y ↑ → 98.7mm
[2026-03-15 20:48:43.087] [JOG] Cartesian Y ↑ → 107.6mm
[2026-03-15 20:48:43.164] [JOG] Cartesian Y ↑ → 116.5mm
[2026-03-15 20:48:43.259] [JOG] Cartesian Y ↑ → 125.5mm
[2026-03-15 20:48:43.368] [JOG] Cartesian Y ↑ → 134.4mm
[2026-03-15 20:48:43.493] [JOG] Cartesian Y ↑ → 143.3mm
[2026-03-15 20:48:43.601] [JOG] Cartesian Y ↑ → 152.3mm
[2026-03-15 20:48:43.658] [JOG] Cartesian Y ↑ → 161.3mm
[2026-03-15 20:48:43.836] [JOG] Cartesian Y ↑ → 170.2mm
[2026-03-15 20:48:43.901] [JOG] Cartesian Y ↑ → 179.1mm
[2026-03-15 20:48:43.970] [JOG] Cartesian Y ↑ → 188.1mm
[2026-03-15 20:48:44.065] [JOG] Cartesian Y ↑ → 197.1mm
[2026-03-15 20:48:44.196] [JOG] Cartesian Y ↑ → 206.0mm
[2026-03-15 20:48:44.292] [JOG] Cartesian Y ↑ → 214.9mm
[2026-03-15 20:48:44.366] [JOG] Cartesian Y ↑ → 223.9mm
[2026-03-15 20:48:44.486] [JOG] Cartesian Y ↑ → 232.8mm
[2026-03-15 20:48:44.593] [JOG] Cartesian Y ↑ → 241.8mm
[2026-03-15 20:48:44.700] [JOG] Cartesian Y ↑ → 250.7mm
[2026-03-15 20:48:44.755] [JOG] Cartesian Y ↑ → 259.7mm
[2026-03-15 20:48:44.890] [JOG] Cartesian Y ↑ → 268.6mm
[2026-03-15 20:48:45.036] [JOG] Cartesian Y ↑ → 277.6mm
[2026-03-15 20:48:45.094] [JOG] Cartesian Y ↑ → 286.5mm
[2026-03-15 20:48:45.150] [JOG] Cartesian Y ↑ → 295.5mm
[2026-03-15 20:48:45.276] [JOG] Cartesian Y ↑ → 295.4mm
[2026-03-15 20:48:45.444] [JOG] Cartesian Y ↑ → 304.4mm
[2026-03-15 20:48:45.450] [JOG] Cartesian Y ↑ → 313.4mm
[2026-03-15 20:48:45.588] [JOG] Cartesian Y ↑ → 322.4mm
[2026-03-15 20:48:45.738] [JOG] Cartesian Y ↑ → 331.3mm
[2026-03-15 20:48:45.802] [JOG] Cartesian Y ↑ → 340.2mm
[2026-03-15 20:48:45.871] [JOG] Cartesian Y ↑ → 349.2mm
[2026-03-15 20:48:45.993] [JOG] Cartesian Y ↑ → 358.2mm
[2026-03-15 20:48:46.157] [JOG] Cartesian Y ↑ → 367.1mm
[2026-03-15 20:48:46.269] [JOG] Cartesian Y ↑ → 376.0mm
[2026-03-15 20:48:46.385] [JOG] Cartesian Y ↑ → 385.0mm
[2026-03-15 20:48:46.461] [JOG] Cartesian Y ↑ → 393.9mm
[2026-03-15 20:48:46.571] [JOG] Cartesian Y ↑ → 402.8mm
[2026-03-15 20:48:46.721] [JOG] Cartesian Y ↑ → 411.8mm
[2026-03-15 20:48:46.793] [JOG] Cartesian Y ↑ → 420.7mm
[2026-03-15 20:48:46.891] [JOG] Cartesian Y ↑ → 429.6mm
[2026-03-15 20:48:46.999] [JOG] Cartesian Y ↑ → 438.5mm
[2026-03-15 20:48:47.055] [JOG] Stopped continuous jog
[2026-03-15 20:48:47.058] [JOG] Cartesian Y ↑ → 447.5mm
[2026-03-15 20:48:48.974] [WARNING] Pendant disconnected
[2026-03-15 20:48:49.862] [JOG] Moving to Home position (P2P)
[2026-03-15 20:48:49.863] [JOG] P2P → max Δ=231.0°, 12 frames
[2026-03-15 20:48:51.094] [SUCCESS] P2P complete
[2026-03-15 20:48:59.490] [WARNING] Pendant disconnected
[2026-03-15 20:49:04.502] [JOG] Started continuous jog: Joint 0 ↑
[2026-03-15 20:49:04.911] [JOG] Joint 1 ↑ → -122.8°
[2026-03-15 20:49:05.053] [JOG] Joint 1 ↑ → -121.8°
[2026-03-15 20:49:05.176] [JOG] Joint 1 ↑ → -120.8°
[2026-03-15 20:49:05.229] [JOG] Joint 1 ↑ → -119.8°
[2026-03-15 20:49:05.349] [JOG] Joint 1 ↑ → -118.8°
[2026-03-15 20:49:05.439] [JOG] Joint 1 ↑ → -117.8°
[2026-03-15 20:49:05.557] [JOG] Joint 1 ↑ → -116.8°
[2026-03-15 20:49:05.648] [JOG] Joint 1 ↑ → -115.8°
[2026-03-15 20:49:05.764] [JOG] Joint 1 ↑ → -114.8°
[2026-03-15 20:49:05.857] [JOG] Joint 1 ↑ → -113.8°
[2026-03-15 20:49:05.974] [JOG] Joint 1 ↑ → -112.8°
[2026-03-15 20:49:06.082] [JOG] Joint 1 ↑ → -111.8°
[2026-03-15 20:49:06.198] [JOG] Joint 1 ↑ → -110.8°
[2026-03-15 20:49:06.288] [JOG] Joint 1 ↑ → -109.8°
[2026-03-15 20:49:06.407] [JOG] Joint 1 ↑ → -108.8°
[2026-03-15 20:49:06.498] [JOG] Joint 1 ↑ → -107.8°
[2026-03-15 20:49:06.553] [JOG] Joint 1 ↑ → -106.8°
[2026-03-15 20:49:06.657] [JOG] Stopped continuous jog
[2026-03-15 20:49:06.658] [JOG] Joint 1 ↑ → -105.8°
[2026-03-15 20:49:09.911] [WARNING] Pendant disconnected
[2026-03-15 20:49:10.384] [JOG] Started continuous jog: Joint 0 ↓
[2026-03-15 20:49:10.782] [JOG] Joint 1 ↓ → -111.0°
[2026-03-15 20:49:10.891] [JOG] Joint 1 ↓ → -116.2°
[2026-03-15 20:49:11.010] [JOG] Joint 1 ↓ → -121.4°
[2026-03-15 20:49:11.118] [JOG] Joint 1 ↓ → -126.6°
[2026-03-15 20:49:11.171] [JOG] Joint 1 ↓ → -131.8°
[2026-03-15 20:49:11.287] [JOG] Joint 1 ↓ → -137.0°
[2026-03-15 20:49:11.379] [JOG] Joint 1 ↓ → -142.2°
[2026-03-15 20:49:11.496] [JOG] Joint 1 ↓ → -147.4°
[2026-03-15 20:49:11.586] [JOG] Joint 1 ↓ → -152.6°
[2026-03-15 20:49:11.703] [JOG] Joint 1 ↓ → -157.8°
[2026-03-15 20:49:11.810] [JOG] Joint 1 ↓ → -163.0°
[2026-03-15 20:49:11.866] [JOG] Joint 1 ↓ → -168.2°
[2026-03-15 20:49:11.967] [WARNING] J1 near limit (-173.4°)
[2026-03-15 20:49:11.967] [JOG] Joint 1 ↓ → -173.4°
[2026-03-15 20:49:12.070] [WARNING] J1 near limit (-175.0°)
[2026-03-15 20:49:12.070] [JOG] Joint 1 ↓ → -175.0°
[2026-03-15 20:49:13.018] [JOG] Stopped continuous jog
[2026-03-15 20:49:14.117] [JOG] Started continuous jog: Joint 0 ↓
[2026-03-15 20:49:15.152] [JOG] Stopped continuous jog
[2026-03-15 20:49:15.384] [JOG] Started continuous jog: Joint 0 ↓
[2026-03-15 20:49:15.484] [JOG] Stopped continuous jog
[2026-03-15 20:49:15.856] [JOG] Started continuous jog: Joint 0 ↓
[2026-03-15 20:49:15.862] [JOG] Stopped continuous jog
[2026-03-15 20:49:16.652] [JOG] Started continuous jog: Joint 0 ↑
[2026-03-15 20:49:17.051] [JOG] Joint 1 ↑ → -169.8°
[2026-03-15 20:49:17.200] [JOG] Joint 1 ↑ → -164.6°
[2026-03-15 20:49:17.253] [JOG] Joint 1 ↑ → -159.4°
[2026-03-15 20:49:17.378] [JOG] Joint 1 ↑ → -154.2°
[2026-03-15 20:49:17.485] [JOG] Joint 1 ↑ → -149.0°
[2026-03-15 20:49:17.609] [JOG] Joint 1 ↑ → -143.8°
[2026-03-15 20:49:17.702] [JOG] Joint 1 ↑ → -138.6°
[2026-03-15 20:49:17.767] [JOG] Joint 1 ↑ → -133.4°
[2026-03-15 20:49:17.886] [JOG] Joint 1 ↑ → -128.2°
[2026-03-15 20:49:17.975] [JOG] Joint 1 ↑ → -123.0°
[2026-03-15 20:49:18.088] [JOG] Stopped continuous jog
[2026-03-15 20:49:18.088] [JOG] Joint 1 ↑ → -117.8°
[2026-03-15 20:49:19.151] [JOG] Started continuous jog: Joint 1 ↑
[2026-03-15 20:49:19.550] [JOG] Joint 2 ↑ → 19.4°
[2026-03-15 20:49:19.715] [JOG] Joint 2 ↑ → 24.6°
[2026-03-15 20:49:19.768] [JOG] Joint 2 ↑ → 29.8°
[2026-03-15 20:49:19.923] [JOG] Joint 2 ↑ → 35.0°
[2026-03-15 20:49:19.978] [JOG] Joint 2 ↑ → 40.2°
[2026-03-15 20:49:20.095] [JOG] Joint 2 ↑ → 45.4°
[2026-03-15 20:49:20.203] [JOG] Stopped continuous jog
[2026-03-15 20:49:20.203] [JOG] Joint 2 ↑ → 50.6°
[2026-03-15 20:49:20.447] [WARNING] Pendant disconnected
[2026-03-15 20:49:21.265] [JOG] Started continuous jog: Joint 1 ↓
[2026-03-15 20:49:21.664] [JOG] Joint 2 ↓ → 45.4°
[2026-03-15 20:49:21.758] [JOG] Joint 2 ↓ → 40.2°
[2026-03-15 20:49:21.878] [JOG] Joint 2 ↓ → 35.0°
[2026-03-15 20:49:22.003] [JOG] Joint 2 ↓ → 29.8°
[2026-03-15 20:49:22.070] [JOG] Joint 2 ↓ → 24.6°
[2026-03-15 20:49:22.158] [JOG] Joint 2 ↓ → 19.4°
[2026-03-15 20:49:22.275] [JOG] Stopped continuous jog
[2026-03-15 20:49:22.276] [JOG] Joint 2 ↓ → 14.2°
[2026-03-15 20:49:23.570] [JOG] Started continuous jog: Joint 1 ↑
[2026-03-15 20:49:23.968] [JOG] Joint 2 ↑ → 19.4°
[2026-03-15 20:49:24.062] [JOG] Joint 2 ↑ → 24.6°
[2026-03-15 20:49:24.179] [JOG] Joint 2 ↑ → 29.8°
[2026-03-15 20:49:24.237] [JOG] Stopped continuous jog
[2026-03-15 20:49:24.237] [JOG] Joint 2 ↑ → 35.0°
[2026-03-15 20:49:25.035] [JOG] Started continuous jog: Joint 1 ↓
[2026-03-15 20:49:25.444] [JOG] Joint 2 ↓ → 29.8°
[2026-03-15 20:49:25.615] [JOG] Joint 2 ↓ → 24.6°
[2026-03-15 20:49:25.667] [JOG] Joint 2 ↓ → 19.4°
[2026-03-15 20:49:25.723] [JOG] Stopped continuous jog
[2026-03-15 20:49:25.723] [JOG] Joint 2 ↓ → 14.2°
[2026-03-15 20:49:26.869] [JOG] Started continuous jog: Joint 2 ↑
[2026-03-15 20:49:27.266] [JOG] Joint 3 ↑ → 140.0°
[2026-03-15 20:49:27.408] [JOG] Joint 3 ↑ → 145.2°
[2026-03-15 20:49:27.462] [JOG] Joint 3 ↑ → 150.4°
[2026-03-15 20:49:27.580] [JOG] Joint 3 ↑ → 155.6°
[2026-03-15 20:49:27.672] [JOG] Joint 3 ↑ → 160.8°
[2026-03-15 20:49:27.788] [JOG] Joint 3 ↑ → 166.0°
[2026-03-15 20:49:27.896] [JOG] Joint 3 ↑ → 171.2°
[2026-03-15 20:49:27.950] [WARNING] J3 near limit (175.0°)
[2026-03-15 20:49:27.950] [JOG] Joint 3 ↑ → 175.0°
[2026-03-15 20:49:28.933] [JOG] Stopped continuous jog
[2026-03-15 20:49:29.885] [JOG] Started continuous jog: Joint 2 ↓
[2026-03-15 20:49:30.283] [JOG] Joint 3 ↓ → 169.8°
[2026-03-15 20:49:30.424] [JOG] Joint 3 ↓ → 164.6°
[2026-03-15 20:49:30.479] [JOG] Joint 3 ↓ → 159.4°
[2026-03-15 20:49:30.597] [JOG] Joint 3 ↓ → 154.2°
[2026-03-15 20:49:30.688] [JOG] Joint 3 ↓ → 149.0°
[2026-03-15 20:49:30.804] [JOG] Joint 3 ↓ → 143.8°
[2026-03-15 20:49:30.896] [JOG] Joint 3 ↓ → 138.6°
[2026-03-15 20:49:30.978] [JOG] Joint 3 ↓ → 133.4°
[2026-03-15 20:49:31.082] [WARNING] Pendant disconnected
[2026-03-15 20:49:31.097] [JOG] Joint 3 ↓ → 128.2°
[2026-03-15 20:49:31.187] [JOG] Joint 3 ↓ → 123.0°
[2026-03-15 20:49:31.253] [JOG] Joint 3 ↓ → 117.8°
[2026-03-15 20:49:31.371] [JOG] Joint 3 ↓ → 112.6°
[2026-03-15 20:49:31.477] [JOG] Joint 3 ↓ → 107.4°
[2026-03-15 20:49:31.582] [JOG] Joint 3 ↓ → 102.2°
[2026-03-15 20:49:31.686] [JOG] Joint 3 ↓ → 97.0°
[2026-03-15 20:49:31.807] [JOG] Joint 3 ↓ → 91.8°
[2026-03-15 20:49:31.862] [JOG] Joint 3 ↓ → 86.6°
[2026-03-15 20:49:31.979] [JOG] Joint 3 ↓ → 81.4°
[2026-03-15 20:49:32.048] [JOG] Joint 3 ↓ → 76.2°
[2026-03-15 20:49:32.190] [JOG] Joint 3 ↓ → 71.0°
[2026-03-15 20:49:32.258] [JOG] Joint 3 ↓ → 65.8°
[2026-03-15 20:49:32.355] [JOG] Joint 3 ↓ → 60.6°
[2026-03-15 20:49:32.472] [JOG] Joint 3 ↓ → 55.4°
[2026-03-15 20:49:32.572] [JOG] Stopped continuous jog
[2026-03-15 20:49:32.572] [JOG] Joint 3 ↓ → 50.2°
[2026-03-15 20:49:35.979] [SUCCESS] New home position set
[2026-03-15 20:49:35.979] [JOG] Home: X=-204.5, Y=-691.2, Z=895.5
[2026-03-15 20:49:41.069] [JOG] Started continuous jog: Joint 0 ↑
[2026-03-15 20:49:41.444] [WARNING] Pendant disconnected
[2026-03-15 20:49:41.468] [JOG] Joint 1 ↑ → -112.6°
[2026-03-15 20:49:41.562] [JOG] Joint 1 ↑ → -107.4°
[2026-03-15 20:49:41.682] [JOG] Joint 1 ↑ → -102.2°
[2026-03-15 20:49:41.791] [JOG] Joint 1 ↑ → -97.0°
[2026-03-15 20:49:41.897] [JOG] Joint 1 ↑ → -91.8°
[2026-03-15 20:49:41.952] [JOG] Joint 1 ↑ → -86.6°
[2026-03-15 20:49:42.056] [JOG] Joint 1 ↑ → -81.4°
[2026-03-15 20:49:42.174] [JOG] Joint 1 ↑ → -76.2°
[2026-03-15 20:49:42.281] [JOG] Joint 1 ↑ → -71.0°
[2026-03-15 20:49:42.367] [JOG] Joint 1 ↑ → -65.8°
[2026-03-15 20:49:42.457] [JOG] Joint 1 ↑ → -60.6°
[2026-03-15 20:49:42.574] [JOG] Joint 1 ↑ → -55.4°
[2026-03-15 20:49:42.665] [JOG] Joint 1 ↑ → -50.2°
[2026-03-15 20:49:42.782] [JOG] Joint 1 ↑ → -45.0°
[2026-03-15 20:49:42.857] [JOG] Joint 1 ↑ → -39.8°
[2026-03-15 20:49:42.949] [JOG] Joint 1 ↑ → -34.6°
[2026-03-15 20:49:43.052] [JOG] Joint 1 ↑ → -29.4°
[2026-03-15 20:49:43.169] [JOG] Joint 1 ↑ → -24.2°
[2026-03-15 20:49:43.255] [JOG] Joint 1 ↑ → -19.0°
[2026-03-15 20:49:43.347] [JOG] Joint 1 ↑ → -13.8°
[2026-03-15 20:49:43.465] [JOG] Joint 1 ↑ → -8.6°
[2026-03-15 20:49:43.555] [JOG] Joint 1 ↑ → -3.4°
[2026-03-15 20:49:43.709] [JOG] Joint 1 ↑ → 1.8°
[2026-03-15 20:49:43.763] [JOG] Joint 1 ↑ → 7.0°
[2026-03-15 20:49:43.882] [JOG] Joint 1 ↑ → 12.2°
[2026-03-15 20:49:43.950] [JOG] Joint 1 ↑ → 17.4°
[2026-03-15 20:49:44.110] [JOG] Joint 1 ↑ → 22.6°
[2026-03-15 20:49:44.163] [JOG] Joint 1 ↑ → 27.8°
[2026-03-15 20:49:44.270] [JOG] Stopped continuous jog
[2026-03-15 20:49:44.270] [JOG] Joint 1 ↑ → 33.0°
[2026-03-15 20:49:45.301] [JOG] Started continuous jog: Joint 1 ↑
[2026-03-15 20:49:45.709] [JOG] Joint 2 ↑ → 19.4°
[2026-03-15 20:49:45.858] [JOG] Joint 2 ↑ → 24.6°
[2026-03-15 20:49:45.963] [JOG] Joint 2 ↑ → 29.8°
[2026-03-15 20:49:46.069] [JOG] Joint 2 ↑ → 35.0°
[2026-03-15 20:49:46.175] [JOG] Joint 2 ↑ → 40.2°
[2026-03-15 20:49:46.281] [JOG] Joint 2 ↑ → 45.4°
[2026-03-15 20:49:46.355] [JOG] Joint 2 ↑ → 50.6°
[2026-03-15 20:49:46.472] [JOG] Joint 2 ↑ → 55.8°
[2026-03-15 20:49:46.563] [JOG] Joint 2 ↑ → 61.0°
[2026-03-15 20:49:46.619] [JOG] Stopped continuous jog
[2026-03-15 20:49:46.619] [JOG] Joint 2 ↑ → 66.2°
[2026-03-15 20:49:48.186] [JOG] Started continuous jog: Joint 2 ↑
[2026-03-15 20:49:48.583] [JOG] Joint 3 ↑ → 55.4°
[2026-03-15 20:49:48.679] [JOG] Joint 3 ↑ → 60.6°
[2026-03-15 20:49:48.796] [JOG] Joint 3 ↑ → 65.8°
[2026-03-15 20:49:48.907] [JOG] Stopped continuous jog
[2026-03-15 20:49:48.907] [JOG] Joint 3 ↑ → 71.0°
[2026-03-15 20:49:51.184] [JOG] Started continuous jog: Joint 2 ↓
[2026-03-15 20:49:51.582] [JOG] Joint 3 ↓ → 65.8°
[2026-03-15 20:49:51.726] [JOG] Joint 3 ↓ → 60.6°
[2026-03-15 20:49:51.779] [JOG] Joint 3 ↓ → 55.4°
[2026-03-15 20:49:51.897] [JOG] Joint 3 ↓ → 50.2°
[2026-03-15 20:49:51.987] [JOG] Joint 3 ↓ → 45.0°
[2026-03-15 20:49:52.090] [WARNING] Pendant disconnected
[2026-03-15 20:49:52.107] [JOG] Stopped continuous jog
[2026-03-15 20:49:52.107] [JOG] Joint 3 ↓ → 39.8°
[2026-03-15 20:49:52.765] [JOG] Started continuous jog: Joint 2 ↓
[2026-03-15 20:49:53.163] [JOG] Joint 3 ↓ → 34.6°
[2026-03-15 20:49:53.260] [JOG] Joint 3 ↓ → 29.4°
[2026-03-15 20:49:53.381] [JOG] Joint 3 ↓ → 24.2°
[2026-03-15 20:49:53.506] [JOG] Stopped continuous jog
[2026-03-15 20:49:53.506] [JOG] Joint 3 ↓ → 19.0°
[2026-03-15 20:49:55.086] [JOG] Started continuous jog: Joint 4 ↑
[2026-03-15 20:49:55.484] [JOG] Joint 5 ↑ → 131.4°
[2026-03-15 20:49:55.594] [JOG] Joint 5 ↑ → 136.6°
[2026-03-15 20:49:55.702] [JOG] Joint 5 ↑ → 141.8°
[2026-03-15 20:49:55.770] [JOG] Joint 5 ↑ → 147.0°
[2026-03-15 20:49:55.863] [JOG] Joint 5 ↑ → 152.2°
[2026-03-15 20:49:55.919] [JOG] Stopped continuous jog
[2026-03-15 20:49:55.919] [JOG] Joint 5 ↑ → 157.4°
[2026-03-15 20:49:58.223] [JOG] Moving to Home position (P2P)
[2026-03-15 20:49:58.224] [JOG] P2P → max Δ=150.8°, 12 frames
[2026-03-15 20:49:59.347] [SUCCESS] P2P complete
[2026-03-15 20:50:02.569] [WARNING] Pendant disconnected
[2026-03-15 20:50:13.021] [WARNING] Pendant disconnected
[2026-03-15 20:50:17.565] [JOG] Started continuous jog: Cart X ↑
[2026-03-15 20:50:17.973] [JOG] Cartesian X ↑ → -195.5mm
[2026-03-15 20:50:18.066] [JOG] Cartesian X ↑ → -186.6mm
[2026-03-15 20:50:18.230] [JOG] Cartesian X ↑ → -177.7mm
[2026-03-15 20:50:18.294] [JOG] Cartesian X ↑ → -168.8mm
[2026-03-15 20:50:18.352] [JOG] Cartesian X ↑ → -159.8mm
[2026-03-15 20:50:18.514] [JOG] Cartesian X ↑ → -150.8mm
[2026-03-15 20:50:18.569] [JOG] Cartesian X ↑ → -141.8mm
[2026-03-15 20:50:18.708] [JOG] Cartesian X ↑ → -141.9mm
[2026-03-15 20:50:18.779] [JOG] Cartesian X ↑ → -132.9mm
[2026-03-15 20:50:18.942] [JOG] Cartesian X ↑ → -123.9mm
[2026-03-15 20:50:18.949] [JOG] Cartesian X ↑ → -114.9mm
[2026-03-15 20:50:19.071] [JOG] Cartesian X ↑ → -106.0mm
[2026-03-15 20:50:19.231] [JOG] Cartesian X ↑ → -97.1mm
[2026-03-15 20:50:19.312] [JOG] Cartesian X ↑ → -88.2mm
[2026-03-15 20:50:19.359] [JOG] Cartesian X ↑ → -79.2mm
[2026-03-15 20:50:19.547] [JOG] Cartesian X ↑ → -70.2mm
[2026-03-15 20:50:19.554] [JOG] Cartesian X ↑ → -61.2mm
[2026-03-15 20:50:19.715] [JOG] Cartesian X ↑ → -52.3mm
[2026-03-15 20:50:19.771] [JOG] Cartesian X ↑ → -43.3mm
[2026-03-15 20:50:19.908] [JOG] Cartesian X ↑ → -34.4mm
[2026-03-15 20:50:19.952] [JOG] Cartesian X ↑ → -25.4mm
[2026-03-15 20:50:20.063] [JOG] Cartesian X ↑ → -25.4mm
[2026-03-15 20:50:20.231] [JOG] Cartesian X ↑ → -16.4mm
[2026-03-15 20:50:20.311] [JOG] Cartesian X ↑ → -7.5mm
[2026-03-15 20:50:20.369] [JOG] Cartesian X ↑ → 1.5mm
[2026-03-15 20:50:20.497] [JOG] Cartesian X ↑ → 10.4mm
[2026-03-15 20:50:20.566] [JOG] Cartesian X ↑ → 19.3mm
[2026-03-15 20:50:20.661] [JOG] Cartesian X ↑ → 28.3mm
[2026-03-15 20:50:20.782] [JOG] Cartesian X ↑ → 37.3mm
[2026-03-15 20:50:20.861] [JOG] Cartesian X ↑ → 46.2mm
[2026-03-15 20:50:21.012] [JOG] Cartesian X ↑ → 55.1mm
[2026-03-15 20:50:21.123] [JOG] Cartesian X ↑ → 64.0mm
[2026-03-15 20:50:21.196] [JOG] Cartesian X ↑ → 73.0mm
[2026-03-15 20:50:21.293] [JOG] Cartesian X ↑ → 81.9mm
[2026-03-15 20:50:21.368] [JOG] Cartesian X ↑ → 90.9mm
[2026-03-15 20:50:21.545] [JOG] Cartesian X ↑ → 99.8mm
[2026-03-15 20:50:21.563] [JOG] Cartesian X ↑ → 108.8mm
[2026-03-15 20:50:21.670] [JOG] Cartesian X ↑ → 108.8mm
[2026-03-15 20:50:21.816] [JOG] Cartesian X ↑ → 117.8mm
[2026-03-15 20:50:21.925] [JOG] Cartesian X ↑ → 126.8mm
[2026-03-15 20:50:22.048] [JOG] Cartesian X ↑ → 135.7mm
[2026-03-15 20:50:22.198] [JOG] Cartesian X ↑ → 144.6mm
[2026-03-15 20:50:22.333] [JOG] Cartesian X ↑ → 153.5mm
[2026-03-15 20:50:22.411] [JOG] Cartesian X ↑ → 162.5mm
[2026-03-15 20:50:22.457] [JOG] Cartesian X ↑ → 171.5mm
[2026-03-15 20:50:22.631] [JOG] Cartesian X ↑ → 180.4mm
[2026-03-15 20:50:22.649] [JOG] Cartesian X ↑ → 189.4mm
[2026-03-15 20:50:22.810] [JOG] Cartesian X ↑ → 198.3mm
[2026-03-15 20:50:22.926] [JOG] Cartesian X ↑ → 207.2mm
[2026-03-15 20:50:23.038] [JOG] Cartesian X ↑ → 216.2mm
[2026-03-15 20:50:23.053] [JOG] Cartesian X ↑ → 225.2mm
[2026-03-15 20:50:23.249] [JOG] Cartesian X ↑ → 234.1mm
[2026-03-15 20:50:23.366] [JOG] Cartesian X ↑ → 243.0mm
[2026-03-15 20:50:23.480] [JOG] Cartesian X ↑ → 252.0mm
[2026-03-15 20:50:23.554] [JOG] Cartesian X ↑ → 260.9mm
[2026-03-15 20:50:23.705] [JOG] Cartesian X ↑ → 269.8mm
[2026-03-15 20:50:23.705] [WARNING] Pendant disconnected
[2026-03-15 20:50:23.783] [JOG] Cartesian X ↑ → 278.7mm
[2026-03-15 20:50:23.933] [JOG] Cartesian X ↑ → 287.6mm
[2026-03-15 20:50:23.991] [JOG] Cartesian X ↑ → 296.6mm
[2026-03-15 20:50:24.061] [JOG] Cartesian X ↑ → 305.5mm
[2026-03-15 20:50:24.174] [JOG] Cartesian X ↑ → 314.5mm
[2026-03-15 20:50:24.288] [JOG] Stopped continuous jog
[2026-03-15 20:50:24.288] [JOG] Cartesian X ↑ → 314.4mm
[2026-03-15 20:50:26.418] [JOG] Started continuous jog: Cart X ↑
[2026-03-15 20:50:26.836] [JOG] Cartesian X ↑ → 324.4mm
[2026-03-15 20:50:26.981] [JOG] Cartesian X ↑ → 334.4mm
[2026-03-15 20:50:27.091] [JOG] Cartesian X ↑ → 344.3mm
[2026-03-15 20:50:27.167] [JOG] Cartesian X ↑ → 354.2mm
[2026-03-15 20:50:27.315] [JOG] Cartesian X ↑ → 364.1mm
[2026-03-15 20:50:27.385] [JOG] Cartesian X ↑ → 374.1mm
[2026-03-15 20:50:27.454] [JOG] Cartesian X ↑ → 384.0mm
[2026-03-15 20:50:27.566] [JOG] Cartesian X ↑ → 394.0mm
[2026-03-15 20:50:27.738] [JOG] Cartesian X ↑ → 403.9mm
[2026-03-15 20:50:27.797] [JOG] Cartesian X ↑ → 413.8mm
[2026-03-15 20:50:27.856] [JOG] Cartesian X ↑ → 423.8mm
[2026-03-15 20:50:27.968] [JOG] Cartesian X ↑ → 423.8mm
[2026-03-15 20:50:28.141] [JOG] Cartesian X ↑ → 433.8mm
[2026-03-15 20:50:28.161] [JOG] Cartesian X ↑ → 443.8mm
[2026-03-15 20:50:28.271] [JOG] Cartesian X ↑ → 453.7mm
[2026-03-15 20:50:28.453] [JOG] Cartesian X ↑ → 463.6mm
[2026-03-15 20:50:28.563] [JOG] Cartesian X ↑ → 473.5mm
[2026-03-15 20:50:28.679] [JOG] Cartesian X ↑ → 483.4mm
[2026-03-15 20:50:28.792] [JOG] Cartesian X ↑ → 493.4mm
[2026-03-15 20:50:28.907] [JOG] Cartesian X ↑ → 503.3mm
[2026-03-15 20:50:29.023] [JOG] Cartesian X ↑ → 513.2mm
[2026-03-15 20:50:29.138] [JOG] Cartesian X ↑ → 523.1mm
[2026-03-15 20:50:29.250] [JOG] Cartesian X ↑ → 533.0mm
[2026-03-15 20:50:29.389] [JOG] Cartesian X ↑ → 543.0mm
[2026-03-15 20:50:29.461] [JOG] Cartesian X ↑ → 552.9mm
[2026-03-15 20:50:29.611] [JOG] Cartesian X ↑ → 562.8mm
[2026-03-15 20:50:29.730] [JOG] Cartesian X ↑ → 572.7mm
[2026-03-15 20:50:29.849] [JOG] Cartesian X ↑ → 582.7mm
[2026-03-15 20:50:29.963] [JOG] Cartesian X ↑ → 592.6mm
[2026-03-15 20:50:30.083] [JOG] Cartesian X ↑ → 602.5mm
[2026-03-15 20:50:30.194] [JOG] Cartesian X ↑ → 612.4mm
[2026-03-15 20:50:30.304] [JOG] Cartesian X ↑ → 622.3mm
[2026-03-15 20:50:30.401] [JOG] Cartesian X ↑ → 632.3mm
[2026-03-15 20:50:30.497] [JOG] Cartesian X ↑ → 642.2mm
[2026-03-15 20:50:30.554] [JOG] Cartesian X ↑ → 652.2mm
[2026-03-15 20:50:30.731] [JOG] Cartesian X ↑ → 662.1mm
[2026-03-15 20:50:30.844] [JOG] Cartesian X ↑ → 672.0mm
[2026-03-15 20:50:30.852] [JOG] Cartesian X ↑ → 682.0mm
[2026-03-15 20:50:31.029] [JOG] Cartesian X ↑ → 691.9mm
[2026-03-15 20:50:31.106] [JOG] Cartesian X ↑ → 701.9mm
[2026-03-15 20:50:31.152] [JOG] Cartesian X ↑ → 711.9mm
[2026-03-15 20:50:31.263] [JOG] Cartesian X ↑ → 711.8mm
[2026-03-15 20:50:31.338] [JOG] Stopped continuous jog
[2026-03-15 20:50:31.341] [JOG] Cartesian X ↑ → 721.8mm
[2026-03-15 20:50:32.951] [JOG] Started continuous jog: Cart Z ↑
[2026-03-15 20:50:33.356] [JOG] Cartesian Z ↑ → 905.4mm
[2026-03-15 20:50:33.494] [JOG] Cartesian Z ↑ → 915.4mm
[2026-03-15 20:50:33.606] [JOG] Cartesian Z ↑ → 925.3mm
[2026-03-15 20:50:33.722] [JOG] Cartesian Z ↑ → 935.2mm
[2026-03-15 20:50:33.836] [JOG] Cartesian Z ↑ → 945.1mm
[2026-03-15 20:50:33.848] [JOG] Cartesian Z ↑ → 955.1mm
[2026-03-15 20:50:33.961] [JOG] Cartesian Z ↑ → 965.0mm
[2026-03-15 20:50:34.097] [JOG] Cartesian Z ↑ → 975.0mm
[2026-03-15 20:50:34.175] [JOG] Cartesian Z ↑ → 984.9mm
[2026-03-15 20:50:34.323] [JOG] Cartesian Z ↑ → 994.8mm
[2026-03-15 20:50:34.438] [JOG] Cartesian Z ↑ → 1004.7mm
[2026-03-15 20:50:34.438] [WARNING] Pendant disconnected
[2026-03-15 20:50:34.497] [JOG] Cartesian Z ↑ → 1014.7mm
[2026-03-15 20:50:34.566] [JOG] Cartesian Z ↑ → 1024.7mm
[2026-03-15 20:50:34.660] [JOG] Cartesian Z ↑ → 1034.7mm
[2026-03-15 20:50:34.782] [JOG] Cartesian Z ↑ → 1034.6mm
[2026-03-15 20:50:34.893] [JOG] Cartesian Z ↑ → 1044.6mm
[2026-03-15 20:50:34.950] [JOG] Cartesian Z ↑ → 1054.6mm
[2026-03-15 20:50:35.123] [JOG] Cartesian Z ↑ → 1054.5mm
[2026-03-15 20:50:35.280] [JOG] Cartesian Z ↑ → 1064.5mm
[2026-03-15 20:50:35.392] [JOG] Cartesian Z ↑ → 1074.4mm
[2026-03-15 20:50:35.508] [JOG] Cartesian Z ↑ → 1084.3mm
[2026-03-15 20:50:35.623] [JOG] Cartesian Z ↑ → 1094.2mm
[2026-03-15 20:50:35.703] [JOG] Cartesian Z ↑ → 1104.2mm
[2026-03-15 20:50:35.812] [JOG] Cartesian Z ↑ → 1114.1mm
[2026-03-15 20:50:35.859] [JOG] Cartesian Z ↑ → 1124.1mm
[2026-03-15 20:50:35.999] [JOG] Cartesian Z ↑ → 1134.0mm
[2026-03-15 20:50:36.056] [JOG] Cartesian Z ↑ → 1144.0mm
[2026-03-15 20:50:36.180] [JOG] Cartesian Z ↑ → 1153.9mm
[2026-03-15 20:50:36.289] [JOG] Cartesian Z ↑ → 1163.8mm
[2026-03-15 20:50:36.348] [JOG] Cartesian Z ↑ → 1173.8mm
[2026-03-15 20:50:36.472] [JOG] Cartesian Z ↑ → 1183.8mm
[2026-03-15 20:50:36.582] [JOG] Cartesian Z ↑ → 1193.7mm
[2026-03-15 20:50:36.693] [JOG] Cartesian Z ↑ → 1203.6mm
[2026-03-15 20:50:36.749] [JOG] Cartesian Z ↑ → 1213.6mm
[2026-03-15 20:50:36.943] [JOG] Cartesian Z ↑ → 1223.5mm
[2026-03-15 20:50:36.950] [JOG] Cartesian Z ↑ → 1233.5mm
[2026-03-15 20:50:37.061] [JOG] Cartesian Z ↑ → 1243.5mm
[2026-03-15 20:50:37.180] [JOG] Cartesian Z ↑ → 1253.4mm
[2026-03-15 20:50:37.256] [JOG] Cartesian Z ↑ → 1263.3mm
[2026-03-15 20:50:37.356] [JOG] Cartesian Z ↑ → 1273.2mm
[2026-03-15 20:50:37.517] [JOG] Cartesian Z ↑ → 1283.2mm
[2026-03-15 20:50:37.632] [JOG] Cartesian Z ↑ → 1293.1mm
[2026-03-15 20:50:37.691] [JOG] Cartesian Z ↑ → 1303.0mm
[2026-03-15 20:50:37.761] [JOG] Cartesian Z ↑ → 1313.0mm
[2026-03-15 20:50:37.888] [JOG] Cartesian Z ↑ → 1322.9mm
[2026-03-15 20:50:38.048] [JOG] Cartesian Z ↑ → 1332.8mm
[2026-03-15 20:50:38.166] [JOG] Cartesian Z ↑ → 1342.8mm
[2026-03-15 20:50:38.281] [JOG] Cartesian Z ↑ → 1352.7mm
[2026-03-15 20:50:38.398] [JOG] Cartesian Z ↑ → 1362.6mm
[2026-03-15 20:50:38.509] [JOG] Cartesian Z ↑ → 1372.5mm
[2026-03-15 20:50:38.624] [JOG] Cartesian Z ↑ → 1382.5mm
[2026-03-15 20:50:38.752] [JOG] Cartesian Z ↑ → 1392.4mm
[2026-03-15 20:50:38.870] [JOG] Stopped continuous jog
[2026-03-15 20:50:38.872] [JOG] Cartesian Z ↑ → 1402.3mm
[2026-03-15 20:50:40.185] [JOG] Started continuous jog: Cart Rx ↓
[2026-03-15 20:50:40.597] [JOG] Cartesian RX ↓ → 75.5°
[2026-03-15 20:50:40.743] [JOG] Cartesian RX ↓ → 75.2°
[2026-03-15 20:50:40.811] [JOG] Cartesian RX ↓ → 73.2°
[2026-03-15 20:50:40.885] [JOG] Cartesian RX ↓ → -102.4°
[2026-03-15 20:50:40.995] [JOG] Cartesian RX ↓ → -103.5°
[2026-03-15 20:50:41.095] [JOG] Cartesian RX ↓ → -103.7°
[2026-03-15 20:50:41.227] [JOG] Cartesian RX ↓ → -103.8°
[2026-03-15 20:50:41.287] [JOG] Cartesian RX ↓ → -103.9°
[2026-03-15 20:50:41.442] [JOG] Cartesian RX ↓ → -103.9°
[2026-03-15 20:50:41.461] [JOG] Cartesian RX ↓ → -104.0°
[2026-03-15 20:50:41.676] [JOG] Cartesian RX ↓ → -104.0°
[2026-03-15 20:50:41.792] [JOG] Cartesian RX ↓ → -104.1°
[2026-03-15 20:50:41.908] [JOG] Cartesian RX ↓ → -104.1°
[2026-03-15 20:50:42.027] [JOG] Cartesian RX ↓ → -104.1°
[2026-03-15 20:50:42.139] [JOG] Cartesian RX ↓ → -104.1°
[2026-03-15 20:50:42.252] [JOG] Cartesian RX ↓ → -104.2°
[2026-03-15 20:50:42.386] [JOG] Cartesian RX ↓ → -104.2°
[2026-03-15 20:50:42.466] [JOG] Cartesian RX ↓ → -104.3°
[2026-03-15 20:50:42.619] [JOG] Cartesian RX ↓ → -104.5°
[2026-03-15 20:50:42.693] [JOG] Cartesian RX ↓ → -104.8°
[2026-03-15 20:50:42.792] [JOG] Cartesian RX ↓ → -106.7°
[2026-03-15 20:50:42.853] [JOG] Cartesian RX ↓ → 77.6°
[2026-03-15 20:50:42.993] [JOG] Cartesian RX ↓ → 76.5°
[2026-03-15 20:50:43.092] [JOG] Cartesian RX ↓ → 76.3°
[2026-03-15 20:50:43.152] [JOG] Cartesian RX ↓ → 76.2°
[2026-03-15 20:50:43.348] [JOG] Cartesian RX ↓ → 76.1°
[2026-03-15 20:50:43.360] [JOG] Cartesian RX ↓ → 76.1°
[2026-03-15 20:50:43.472] [JOG] Cartesian RX ↓ → 76.0°
[2026-03-15 20:50:43.589] [JOG] Cartesian RX ↓ → 76.0°
[2026-03-15 20:50:43.667] [JOG] Cartesian RX ↓ → 76.0°
[2026-03-15 20:50:43.819] [JOG] Cartesian RX ↓ → 75.9°
[2026-03-15 20:50:43.897] [JOG] Cartesian RX ↓ → 75.9°
[2026-03-15 20:50:44.052] [JOG] Cartesian RX ↓ → 75.9°
[2026-03-15 20:50:44.171] [JOG] Cartesian RX ↓ → 75.8°
[2026-03-15 20:50:44.307] [JOG] Cartesian RX ↓ → 75.8°
[2026-03-15 20:50:44.423] [JOG] Cartesian RX ↓ → 75.7°
[2026-03-15 20:50:44.495] [JOG] Stopped continuous jog
[2026-03-15 20:50:44.498] [JOG] Cartesian RX ↓ → 75.6°
[2026-03-15 20:50:45.258] [WARNING] Pendant disconnected
[2026-03-15 20:50:45.387] [JOG] Started continuous jog: Cart Rx ↓
[2026-03-15 20:50:45.795] [JOG] Cartesian RX ↓ → 75.3°
[2026-03-15 20:50:45.938] [JOG] Cartesian RX ↓ → 73.4°
[2026-03-15 20:50:46.008] [JOG] Cartesian RX ↓ → -102.4°
[2026-03-15 20:50:46.081] [JOG] Cartesian RX ↓ → -103.4°
[2026-03-15 20:50:46.192] [JOG] Cartesian RX ↓ → -103.7°
[2026-03-15 20:50:46.359] [JOG] Cartesian RX ↓ → -103.8°
[2026-03-15 20:50:46.491] [JOG] Cartesian RX ↓ → -103.9°
[2026-03-15 20:50:46.502] [JOG] Stopped continuous jog
[2026-03-15 20:50:46.505] [JOG] Cartesian RX ↓ → -103.9°
[2026-03-15 20:50:52.085] [JOG] Started continuous jog: Cart Rx ↑
[2026-03-15 20:50:52.495] [JOG] Cartesian RX ↑ → -103.9°
[2026-03-15 20:50:52.636] [JOG] Cartesian RX ↑ → -103.8°
[2026-03-15 20:50:52.747] [JOG] Cartesian RX ↑ → -103.7°
[2026-03-15 20:50:52.808] [JOG] Cartesian RX ↑ → -103.5°
[2026-03-15 20:50:52.867] [JOG] Cartesian RX ↑ → -102.4°
[2026-03-15 20:50:52.982] [JOG] Cartesian RX ↑ → -102.4°
[2026-03-15 20:50:53.121] [JOG] Cartesian RX ↑ → 73.5°
[2026-03-15 20:50:53.216] [JOG] Cartesian RX ↑ → 75.3°
[2026-03-15 20:50:53.330] [JOG] Cartesian RX ↑ → 75.3°
[2026-03-15 20:50:53.392] [JOG] Cartesian RX ↑ → 75.6°
[2026-03-15 20:50:53.488] [JOG] Cartesian RX ↑ → 75.6°
[2026-03-15 20:50:53.598] [JOG] Cartesian RX ↑ → 75.7°
[2026-03-15 20:50:53.655] [JOG] Cartesian RX ↑ → 75.8°
[2026-03-15 20:50:53.769] [JOG] Cartesian RX ↑ → 75.8°
[2026-03-15 20:50:53.929] [JOG] Cartesian RX ↑ → 75.8°
[2026-03-15 20:50:53.988] [JOG] Cartesian RX ↑ → 75.9°
[2026-03-15 20:50:54.130] [JOG] Cartesian RX ↑ → 75.9°
[2026-03-15 20:50:54.191] [JOG] Cartesian RX ↑ → 75.9°
[2026-03-15 20:50:54.263] [JOG] Cartesian RX ↑ → 76.0°
[2026-03-15 20:50:54.372] [JOG] Cartesian RX ↑ → 76.0°
[2026-03-15 20:50:54.482] [JOG] Cartesian RX ↑ → 76.0°
[2026-03-15 20:50:54.575] [JOG] Cartesian RX ↑ → 76.0°
[2026-03-15 20:50:54.705] [JOG] Cartesian RX ↑ → 76.1°
[2026-03-15 20:50:54.764] [JOG] Cartesian RX ↑ → 76.1°
[2026-03-15 20:50:54.960] [JOG] Cartesian RX ↑ → 76.2°
[2026-03-15 20:50:55.078] [JOG] Cartesian RX ↑ → 76.3°
[2026-03-15 20:50:55.197] [JOG] Cartesian RX ↑ → 76.5°
[2026-03-15 20:50:55.311] [JOG] Cartesian RX ↑ → 77.6°
[2026-03-15 20:50:55.430] [JOG] Cartesian RX ↑ → -106.6°
[2026-03-15 20:50:55.513] [JOG] Cartesian RX ↑ → -104.7°
[2026-03-15 20:50:55.560] [JOG] Cartesian RX ↑ → -104.4°
[2026-03-15 20:50:55.649] [JOG] Cartesian RX ↑ → -104.3°
[2026-03-15 20:50:55.752] [JOG] Cartesian RX ↑ → -104.2°
[2026-03-15 20:50:55.840] [WARNING] Pendant disconnected
[2026-03-15 20:50:55.889] [JOG] Cartesian RX ↑ → -104.2°
[2026-03-15 20:50:55.978] [JOG] Cartesian RX ↑ → -104.1°
[2026-03-15 20:50:56.088] [JOG] Cartesian RX ↑ → -104.1°
[2026-03-15 20:50:56.161] [JOG] Cartesian RX ↑ → -104.1°
[2026-03-15 20:50:56.325] [JOG] Cartesian RX ↑ → -104.0°
[2026-03-15 20:50:56.373] [JOG] Cartesian RX ↑ → -104.0°
[2026-03-15 20:50:56.553] [JOG] Cartesian RX ↑ → -104.0°
[2026-03-15 20:50:56.666] [JOG] Cartesian RX ↑ → -103.9°
[2026-03-15 20:50:56.782] [JOG] Cartesian RX ↑ → -103.9°
[2026-03-15 20:50:56.912] [JOG] Cartesian RX ↑ → -103.8°
[2026-03-15 20:50:57.025] [JOG] Cartesian RX ↑ → -103.7°
[2026-03-15 20:50:57.139] [JOG] Cartesian RX ↑ → -103.5°
[2026-03-15 20:50:57.149] [JOG] Cartesian RX ↑ → -102.5°
[2026-03-15 20:50:57.265] [JOG] Stopped continuous jog
[2026-03-15 20:50:57.268] [JOG] Cartesian RX ↑ → 73.4°
[2026-03-15 20:50:58.233] [JOG] Started continuous jog: Cart Rx ↓
[2026-03-15 20:50:58.646] [JOG] Cartesian RX ↓ → -102.5°
[2026-03-15 20:50:58.774] [JOG] Cartesian RX ↓ → -103.5°
[2026-03-15 20:50:58.891] [JOG] Cartesian RX ↓ → -103.7°
[2026-03-15 20:50:59.003] [JOG] Cartesian RX ↓ → -103.8°
[2026-03-15 20:50:59.065] [JOG] Cartesian RX ↓ → -103.9°
[2026-03-15 20:50:59.206] [JOG] Cartesian RX ↓ → -103.9°
[2026-03-15 20:50:59.254] [JOG] Cartesian RX ↓ → -104.0°
[2026-03-15 20:50:59.367] [JOG] Cartesian RX ↓ → -104.0°
[2026-03-15 20:50:59.577] [JOG] Cartesian RX ↓ → -104.0°
[2026-03-15 20:50:59.698] [JOG] Cartesian RX ↓ → -104.0°
[2026-03-15 20:50:59.783] [JOG] Cartesian RX ↓ → -104.1°
[2026-03-15 20:50:59.932] [JOG] Cartesian RX ↓ → -104.1°
[2026-03-15 20:51:00.046] [JOG] Cartesian RX ↓ → -104.1°
[2026-03-15 20:51:00.056] [JOG] Cartesian RX ↓ → -104.2°
[2026-03-15 20:51:00.199] [JOG] Cartesian RX ↓ → -104.2°
[2026-03-15 20:51:00.258] [JOG] Cartesian RX ↓ → -104.3°
[2026-03-15 20:51:00.388] [JOG] Cartesian RX ↓ → -104.5°
[2026-03-15 20:51:00.499] [JOG] Cartesian RX ↓ → -104.8°
[2026-03-15 20:51:00.560] [JOG] Cartesian RX ↓ → -106.6°
[2026-03-15 20:51:00.690] [JOG] Cartesian RX ↓ → 77.6°
[2026-03-15 20:51:00.750] [JOG] Cartesian RX ↓ → 76.5°
[2026-03-15 20:51:00.879] [JOG] Cartesian RX ↓ → 76.3°
[2026-03-15 20:51:00.993] [JOG] Cartesian RX ↓ → 76.2°
[2026-03-15 20:51:01.072] [JOG] Cartesian RX ↓ → 76.1°
[2026-03-15 20:51:01.254] [JOG] Cartesian RX ↓ → 76.0°
[2026-03-15 20:51:01.376] [JOG] Cartesian RX ↓ → 76.0°
[2026-03-15 20:51:01.496] [JOG] Cartesian RX ↓ → 76.0°
[2026-03-15 20:51:01.607] [JOG] Cartesian RX ↓ → 75.9°
[2026-03-15 20:51:01.726] [JOG] Cartesian RX ↓ → 75.9°
[2026-03-15 20:51:01.788] [JOG] Cartesian RX ↓ → 75.9°
[2026-03-15 20:51:01.851] [JOG] Cartesian RX ↓ → 75.9°
[2026-03-15 20:51:02.049] [JOG] Cartesian RX ↓ → 75.8°
[2026-03-15 20:51:02.058] [JOG] Cartesian RX ↓ → 75.8°
[2026-03-15 20:51:02.168] [JOG] Cartesian RX ↓ → 75.7°
[2026-03-15 20:51:02.283] [JOG] Cartesian RX ↓ → 75.5°
[2026-03-15 20:51:02.400] [JOG] Cartesian RX ↓ → 75.2°
[2026-03-15 20:51:02.465] [JOG] Cartesian RX ↓ → 73.4°
[2026-03-15 20:51:02.627] [JOG] Cartesian RX ↓ → -102.4°
[2026-03-15 20:51:02.687] [JOG] Cartesian RX ↓ → -103.5°
[2026-03-15 20:51:02.799] [JOG] Cartesian RX ↓ → -103.7°
[2026-03-15 20:51:02.860] [JOG] Cartesian RX ↓ → -103.8°
[2026-03-15 20:51:03.062] [JOG] Cartesian RX ↓ → -103.9°
[2026-03-15 20:51:03.181] [JOG] Cartesian RX ↓ → -104.0°
[2026-03-15 20:51:03.301] [JOG] Cartesian RX ↓ → -104.0°
[2026-03-15 20:51:03.413] [JOG] Cartesian RX ↓ → -104.0°
[2026-03-15 20:51:03.526] [JOG] Cartesian RX ↓ → -104.1°
[2026-03-15 20:51:03.592] [JOG] Cartesian RX ↓ → -104.1°
[2026-03-15 20:51:03.664] [JOG] Cartesian RX ↓ → -104.1°
[2026-03-15 20:51:03.828] [JOG] Cartesian RX ↓ → -104.2°
[2026-03-15 20:51:03.891] [JOG] Cartesian RX ↓ → -104.2°
[2026-03-15 20:51:03.967] [JOG] Cartesian RX ↓ → -104.3°
[2026-03-15 20:51:04.192] [JOG] Cartesian RX ↓ → -104.4°
[2026-03-15 20:51:04.311] [JOG] Cartesian RX ↓ → -104.5°
[2026-03-15 20:51:04.429] [JOG] Cartesian RX ↓ → -104.8°
[2026-03-15 20:51:04.542] [JOG] Cartesian RX ↓ → -106.7°
[2026-03-15 20:51:04.659] [JOG] Cartesian RX ↓ → 77.7°
[2026-03-15 20:51:04.668] [JOG] Cartesian RX ↓ → 76.6°
[2026-03-15 20:51:04.809] [JOG] Cartesian RX ↓ → 76.3°
[2026-03-15 20:51:04.860] [JOG] Cartesian RX ↓ → 76.2°
[2026-03-15 20:51:05.012] [JOG] Cartesian RX ↓ → 76.1°
[2026-03-15 20:51:05.070] [JOG] Cartesian RX ↓ → 76.1°
[2026-03-15 20:51:05.218] [JOG] Cartesian RX ↓ → 76.0°
[2026-03-15 20:51:05.278] [JOG] Cartesian RX ↓ → 76.0°
[2026-03-15 20:51:05.408] [JOG] Cartesian RX ↓ → 75.9°
[2026-03-15 20:51:05.467] [JOG] Cartesian RX ↓ → 75.9°
[2026-03-15 20:51:05.477] [JOG] Stopped continuous jog
[2026-03-15 20:51:05.489] [JOG] Cartesian RX ↓ → 75.9°
[2026-03-15 20:51:06.529] [WARNING] Pendant disconnected
[2026-03-15 20:51:07.050] [JOG] Started continuous jog: Cart Ry ↑
[2026-03-15 20:51:07.460] [JOG] Cartesian RY ↑ → 15.7°
[2026-03-15 20:51:07.552] [JOG] Cartesian RY ↑ → 15.0°
[2026-03-15 20:51:07.733] [JOG] Cartesian RY ↑ → 13.8°
[2026-03-15 20:51:07.796] [JOG] Cartesian RY ↑ → 12.3°
[2026-03-15 20:51:07.869] [JOG] Cartesian RY ↑ → 12.3°
[2026-03-15 20:51:07.916] [JOG] Stopped continuous jog
[2026-03-15 20:51:07.919] [JOG] Cartesian RY ↑ → 10.3°
[2026-03-15 20:51:10.594] [JOG] Moving to Home position (P2P)
[2026-03-15 20:51:10.595] [JOG] P2P → max Δ=108.1°, 12 frames
[2026-03-15 20:51:11.555] [SUCCESS] P2P complete
[2026-03-15 20:51:17.008] [WARNING] Pendant disconnected
[2026-03-15 20:51:27.423] [WARNING] Pendant disconnected
[2026-03-15 20:51:37.842] [WARNING] Pendant disconnected
[2026-03-15 20:51:48.282] [WARNING] Pendant disconnected
[2026-03-15 20:51:58.706] [WARNING] Pendant disconnected
[2026-03-15 20:52:09.130] [WARNING] Pendant disconnected
[2026-03-15 20:52:19.522] [WARNING] Pendant disconnected
