# Kinmatech Robotics — session log
# Started: 2026-03-17 08:26:57.257
# Ended  : 2026-03-17 08:27:57
# Entries: 20

[2026-03-17 08:26:57.257] [WARNING] Pendant disconnected
[2026-03-17 08:26:57.664] [INFO] Initial TCP position calculated
[2026-03-17 08:26:57.664] [SUCCESS] Kinmatech Robotics application started
[2026-03-17 08:26:57.926] [WARNING] Pendant disconnected
[2026-03-17 08:26:59.494] [WARNING] Pendant disconnected
[2026-03-17 08:27:01.778] [WARNING] Pendant disconnected
[2026-03-17 08:27:02.023] [SUCCESS] Robot connection established
[2026-03-17 08:27:04.357] [PROGRAM] Teach mode activated - program editing enabled
[2026-03-17 08:27:05.209] [WARNING] Pendant disconnected
[2026-03-17 08:27:10.403] [WARNING] Pendant disconnected
[2026-03-17 08:27:10.488] [JOG] Started continuous jog: Cart X ↓
[2026-03-17 08:27:18.552] [WARNING] Pendant disconnected
[2026-03-17 08:27:23.589] [JOG] Stopped continuous jog
[2026-03-17 08:27:26.579] [JOG] Started continuous jog: Cart X ↑
[2026-03-17 08:27:29.275] [WARNING] Pendant disconnected
[2026-03-17 08:27:31.609] [JOG] Stopped continuous jog
[2026-03-17 08:27:39.727] [WARNING] Pendant disconnected
[2026-03-17 08:27:49.566] [JOG] Started continuous jog: Cart X ↓
[2026-03-17 08:27:50.182] [WARNING] Pendant disconnected
[2026-03-17 08:27:56.668] [JOG] Stopped continuous jog
