# Kinmatech Robotics — session log
# Started: 2026-04-18 08:47:42.657
# Ended  : 2026-04-18 09:02:58
# Entries: 280

[2026-04-18 08:47:42.657] [SUCCESS] Hardware thread started @ 20 Hz
[2026-04-18 08:47:42.658] [INFO] Motor commander thread started
[2026-04-18 08:47:42.658] [WARNING] Hardware disconnected: Hardware connection unavailable
[2026-04-18 08:47:42.658] [SUCCESS] Control thread started @ 100 Hz
[2026-04-18 08:47:42.658] [WARNING] Hardware connection unavailable
[2026-04-18 08:47:42.755] [SUCCESS] Hardware connected: Connected to robot hardware
[2026-04-18 08:47:42.755] [SUCCESS] Hardware connection established
[2026-04-18 08:47:42.755] [WARNING] Pendant disconnected
[2026-04-18 08:47:43.199] [INFO] Initial TCP position calculated
[2026-04-18 08:47:43.200] [SUCCESS] Kinmatech Robotics application started
[2026-04-18 08:47:47.693] [SUCCESS] Robot connection established
[2026-04-18 08:47:48.784] [PROGRAM] Teach mode activated - program editing enabled
[2026-04-18 08:47:52.159] [DEBUG] Control loop: 100.1 Hz (target: 100 Hz)
[2026-04-18 08:47:52.992] [JOG] Started continuous jog: Cart Ry ↑
[2026-04-18 08:47:54.250] [JOG] Stopped continuous jog
[2026-04-18 08:47:54.349] [DEBUG] Jog knowledge build started: cart_ry request=27
[2026-04-18 08:47:54.625] [WARNING] Control loop overrun: 9.1 ms behind
[2026-04-18 08:47:55.804] [WARNING] Pendant disconnected (suppressed 4 similar messages)
[2026-04-18 08:47:55.878] [JOG] Started continuous jog: Cart Ry ↓
[2026-04-18 08:48:00.562] [JOG] Stopped continuous jog
[2026-04-18 08:48:00.789] [WARNING] Control loop overrun: 13.9 ms behind
[2026-04-18 08:48:02.066] [JOG] Started continuous jog: Cart Ry ↑
[2026-04-18 08:48:02.160] [DEBUG] Control loop: 100.0 Hz (target: 100 Hz)
[2026-04-18 08:48:05.848] [JOG] Stopped continuous jog
[2026-04-18 08:48:05.949] [DEBUG] Jog knowledge build started: cart_ry request=212 (suppressed 1 similar messages)
[2026-04-18 08:48:06.111] [WARNING] Control loop overrun: 5.7 ms behind
[2026-04-18 08:48:08.405] [INFO] Jog knowledge ready: 1452 samples, 6/6 axes, 12/12 buttons [cart_ry+] -> active_jog_knowledge.ksm
[2026-04-18 08:48:09.070] [JOG] Started continuous jog: Cart Ry ↓
[2026-04-18 08:48:11.970] [JOG] Stopped continuous jog
[2026-04-18 08:48:12.213] [WARNING] Control loop overrun: 8.2 ms behind
[2026-04-18 08:48:14.120] [WARNING] Pendant disconnected (suppressed 1 similar messages)
[2026-04-18 08:48:14.417] [JOG] Started continuous jog: Cart Rx ↑
[2026-04-18 08:48:14.449] [INFO] Jog knowledge ready: 1452 samples, 6/6 axes, 12/12 buttons [cart_ry-] -> active_jog_knowledge.ksm
[2026-04-18 08:48:15.814] [JOG] Stopped continuous jog
[2026-04-18 08:48:16.852] [JOG] Started continuous jog: Cart Rx ↓
[2026-04-18 08:48:17.658] [WARNING] Control loop overrun: 9.7 ms behind
[2026-04-18 08:48:18.664] [JOG] Stopped continuous jog
[2026-04-18 08:48:18.749] [DEBUG] Jog knowledge build started: cart_rx request=335 (suppressed 2 similar messages)
[2026-04-18 08:48:20.810] [JOG] Started continuous jog: Cart Rz ↑
[2026-04-18 08:48:21.749] [JOG] Stopped continuous jog
[2026-04-18 08:48:21.861] [DEBUG] Jog knowledge build cancelled: cart_rz request=338
[2026-04-18 08:48:22.156] [DEBUG] Control loop: 100.0 Hz (target: 100 Hz) (suppressed 1 similar messages)
[2026-04-18 08:48:22.703] [WARNING] Control loop overrun: 15.3 ms behind
[2026-04-18 08:48:22.949] [JOG] Started continuous jog: Cart Rz ↓
[2026-04-18 08:48:24.276] [JOG] Stopped continuous jog
[2026-04-18 08:48:24.680] [WARNING] Pendant disconnected
[2026-04-18 08:48:26.067] [JOG] Started continuous jog: Cart Ry ↑
[2026-04-18 08:48:26.741] [JOG] Stopped continuous jog
[2026-04-18 08:48:27.282] [JOG] Started continuous jog: Cart Ry ↑
[2026-04-18 08:48:28.188] [JOG] Stopped continuous jog
[2026-04-18 08:48:28.282] [JOG] Started continuous jog: Cart Ry ↑
[2026-04-18 08:48:28.353] [WARNING] Control loop overrun: 10.5 ms behind
[2026-04-18 08:48:28.481] [JOG] Stopped continuous jog
[2026-04-18 08:48:28.866] [JOG] Started continuous jog: Cart Ry ↑
[2026-04-18 08:48:29.558] [JOG] Stopped continuous jog
[2026-04-18 08:48:29.592] [DEBUG] Jog knowledge build started: cart_ry request=382 (suppressed 6 similar messages)
[2026-04-18 08:48:31.916] [JOG] Started continuous jog: Cart Rx ↓
[2026-04-18 08:48:31.968] [INFO] Jog knowledge ready: 1452 samples, 6/6 axes, 12/12 buttons [cart_ry-] -> active_jog_knowledge.ksm
[2026-04-18 08:48:32.161] [DEBUG] Control loop: 100.0 Hz (target: 100 Hz)
[2026-04-18 08:48:33.599] [JOG] Stopped continuous jog
[2026-04-18 08:48:33.968] [WARNING] Control loop overrun: 11.8 ms behind
[2026-04-18 08:48:35.287] [WARNING] Pendant disconnected
[2026-04-18 08:48:36.306] [INFO] Jog knowledge ready: 1452 samples, 6/6 axes, 12/12 buttons [cart_rx-] -> active_jog_knowledge.ksm
[2026-04-18 08:48:37.824] [JOG] Started continuous jog: Cart Rx ↑
[2026-04-18 08:48:40.287] [JOG] Stopped continuous jog
[2026-04-18 08:48:40.396] [DEBUG] Jog knowledge build started: cart_rx request=476 (suppressed 1 similar messages)
[2026-04-18 08:48:40.563] [WARNING] Control loop overrun: 8.0 ms behind
[2026-04-18 08:48:42.217] [DEBUG] Control loop: 100.0 Hz (target: 100 Hz)
[2026-04-18 08:48:42.868] [INFO] Jog knowledge ready: 1452 samples, 6/6 axes, 12/12 buttons [cart_rx-] -> active_jog_knowledge.ksm
[2026-04-18 08:48:45.731] [WARNING] Pendant disconnected
[2026-04-18 08:48:56.133] [WARNING] Pendant disconnected
[2026-04-18 08:49:02.158] [DEBUG] Control loop: 100.0 Hz (target: 100 Hz) (suppressed 1 similar messages)
[2026-04-18 08:49:06.527] [WARNING] Pendant disconnected
[2026-04-18 08:49:12.158] [DEBUG] Control loop: 100.0 Hz (target: 100 Hz)
[2026-04-18 08:49:16.948] [WARNING] Pendant disconnected
[2026-04-18 08:49:27.339] [WARNING] Pendant disconnected
[2026-04-18 08:49:32.158] [DEBUG] Control loop: 100.0 Hz (target: 100 Hz) (suppressed 1 similar messages)
[2026-04-18 08:49:37.722] [WARNING] Pendant disconnected
[2026-04-18 08:49:46.732] [WARNING] Control loop overrun: 64.3 ms behind
[2026-04-18 08:49:48.129] [WARNING] Pendant disconnected
[2026-04-18 08:49:52.156] [DEBUG] Control loop: 100.0 Hz (target: 100 Hz) (suppressed 1 similar messages)
[2026-04-18 08:49:52.540] [PROGRAM] Program 'dircrete jog curve' loaded with 10 positions
[2026-04-18 08:49:54.900] [PROGRAM] Starting path generation for 10 waypoints
[2026-04-18 08:49:55.450] [SUCCESS] Path generated: 10 waypoints → 269 servo points
[2026-04-18 08:49:55.519] [WARNING] Control loop overrun: 11.2 ms behind
[2026-04-18 08:49:58.516] [WARNING] Pendant disconnected
[2026-04-18 08:49:59.427] [ERROR] ✖ J4 near limit: 9 frames (3.3%) within 10.0° of ±180.0° (worst: -189.5° at frame 1)
[2026-04-18 08:49:59.444] [JOG] P2P to trajectory start position…
[2026-04-18 08:49:59.445] [JOG] P2P → max Δ=242.6°, v=50.0°/s, t=4.85s, 122 frames
[2026-04-18 08:50:02.164] [DEBUG] Control loop: 100.0 Hz (target: 100 Hz)
[2026-04-18 08:50:04.328] [SUCCESS] P2P complete
[2026-04-18 08:50:04.329] [PROGRAM] Dry run: dircrete jog curve_joint_angles.ksm
[2026-04-18 08:50:08.911] [WARNING] Pendant disconnected
[2026-04-18 08:50:19.329] [WARNING] Pendant disconnected
[2026-04-18 08:50:22.155] [DEBUG] Control loop: 100.0 Hz (target: 100 Hz) (suppressed 1 similar messages)
[2026-04-18 08:50:24.377] [SUCCESS] Trajectory playback finished
[2026-04-18 08:50:29.751] [WARNING] Pendant disconnected
[2026-04-18 08:50:32.156] [DEBUG] Control loop: 100.0 Hz (target: 100 Hz)
[2026-04-18 08:50:33.586] [PROGRAM] Program 'big_shapes_test' loaded with 154 positions
[2026-04-18 08:50:39.549] [JOG] Moving to Home position (P2P)
[2026-04-18 08:50:39.550] [JOG] P2P → max Δ=261.7°, v=50.0°/s, t=5.23s, 131 frames
[2026-04-18 08:50:40.129] [WARNING] Pendant disconnected
[2026-04-18 08:50:42.165] [DEBUG] Control loop: 100.0 Hz (target: 100 Hz)
[2026-04-18 08:50:44.807] [SUCCESS] P2P complete
[2026-04-18 08:50:50.526] [WARNING] Pendant disconnected
[2026-04-18 08:51:00.950] [WARNING] Pendant disconnected
[2026-04-18 08:51:02.157] [DEBUG] Control loop: 100.0 Hz (target: 100 Hz) (suppressed 1 similar messages)
[2026-04-18 08:51:08.207] [WARNING] ⚠ Wrist singularity: J5 within ±5.0° of 0° for 81 frames (1.8%), first at frame 732 (J5=-4.34°)
[2026-04-18 08:51:08.208] [WARNING] ⚠ FK/Cartesian outlier frames: mean 0.3 mm, max 34.2 mm (79 frame(s) > 5 mm, likely near singularity).
[2026-04-18 08:51:08.208] [ERROR] ✖ Frame 4092: J4 jumps 25.8° in one step (likely IK solution flip)
[2026-04-18 08:51:08.208] [ERROR] ✖ J4 near limit: 161 frames (3.6%) within 10.0° of ±180.0° (worst: 198.8° at frame 3833)
[2026-04-18 08:51:08.208] [ERROR] ✖ J6 near limit: 1517 frames (33.7%) within 10.0° of ±180.0° (worst: -358.9° at frame 2448)
[2026-04-18 08:51:08.244] [JOG] P2P to trajectory start position…
[2026-04-18 08:51:08.244] [JOG] P2P → max Δ=231.9°, v=50.0°/s, t=4.64s, 116 frames
[2026-04-18 08:51:08.245] [WARNING] Control loop overrun: 98.1 ms behind
[2026-04-18 08:51:11.389] [WARNING] Pendant disconnected
[2026-04-18 08:51:12.889] [SUCCESS] P2P complete
[2026-04-18 08:51:12.890] [PROGRAM] Dry run: big_shapes_test_joint_angles.ksm
[2026-04-18 08:51:21.763] [WARNING] Pendant disconnected
[2026-04-18 08:51:22.161] [DEBUG] Control loop: 100.0 Hz (target: 100 Hz) (suppressed 1 similar messages)
[2026-04-18 08:51:23.706] [WARNING] Control loop overrun: 24.0 ms behind
[2026-04-18 08:51:32.154] [WARNING] Pendant disconnected
[2026-04-18 08:51:42.154] [DEBUG] Control loop: 100.0 Hz (target: 100 Hz) (suppressed 1 similar messages)
[2026-04-18 08:51:42.568] [WARNING] Pendant disconnected
[2026-04-18 08:51:44.729] [WARNING] Control loop overrun: 5.9 ms behind
[2026-04-18 08:51:52.155] [DEBUG] Control loop: 100.0 Hz (target: 100 Hz)
[2026-04-18 08:51:52.945] [WARNING] Pendant disconnected
[2026-04-18 08:52:03.368] [WARNING] Control loop overrun: 12.1 ms behind
[2026-04-18 08:52:03.385] [WARNING] Pendant disconnected
[2026-04-18 08:52:08.429] [WARNING] Control loop overrun: 7.0 ms behind
[2026-04-18 08:52:12.155] [DEBUG] Control loop: 100.0 Hz (target: 100 Hz) (suppressed 1 similar messages)
[2026-04-18 08:52:13.602] [WARNING] Pendant disconnected
[2026-04-18 08:52:13.962] [WARNING] Control loop overrun: 18.0 ms behind
[2026-04-18 08:52:19.042] [WARNING] Control loop overrun: 8.0 ms behind
[2026-04-18 08:52:23.978] [WARNING] Pendant disconnected
[2026-04-18 08:52:24.052] [WARNING] Control loop overrun: 5.4 ms behind
[2026-04-18 08:52:29.075] [WARNING] Control loop overrun: 18.4 ms behind
[2026-04-18 08:52:32.153] [DEBUG] Control loop: 100.0 Hz (target: 100 Hz) (suppressed 1 similar messages)
[2026-04-18 08:52:34.079] [WARNING] Control loop overrun: 22.7 ms behind
[2026-04-18 08:52:34.259] [WARNING] Pendant disconnected
[2026-04-18 08:52:39.118] [WARNING] Control loop overrun: 22.5 ms behind
[2026-04-18 08:52:42.178] [DEBUG] Control loop: 100.0 Hz (target: 100 Hz)
[2026-04-18 08:52:44.196] [WARNING] Control loop overrun: 29.3 ms behind
[2026-04-18 08:52:44.680] [WARNING] Pendant disconnected
[2026-04-18 08:52:49.252] [WARNING] Control loop overrun: 5.0 ms behind
[2026-04-18 08:52:54.922] [WARNING] Control loop overrun: 15.6 ms behind
[2026-04-18 08:52:55.020] [WARNING] Pendant disconnected
[2026-04-18 08:53:00.388] [WARNING] Control loop overrun: 8.8 ms behind
[2026-04-18 08:53:02.157] [DEBUG] Control loop: 100.0 Hz (target: 100 Hz) (suppressed 1 similar messages)
[2026-04-18 08:53:05.189] [WARNING] Pendant disconnected
[2026-04-18 08:53:05.401] [WARNING] Control loop overrun: 18.6 ms behind
[2026-04-18 08:53:10.555] [WARNING] Control loop overrun: 8.4 ms behind
[2026-04-18 08:53:15.413] [WARNING] Pendant disconnected
[2026-04-18 08:53:15.619] [WARNING] Control loop overrun: 5.7 ms behind
[2026-04-18 08:53:20.872] [WARNING] Control loop overrun: 14.0 ms behind
[2026-04-18 08:53:22.155] [DEBUG] Control loop: 100.0 Hz (target: 100 Hz) (suppressed 1 similar messages)
[2026-04-18 08:53:25.645] [WARNING] Pendant disconnected
[2026-04-18 08:53:26.016] [WARNING] Control loop overrun: 12.9 ms behind
[2026-04-18 08:53:31.263] [WARNING] Control loop overrun: 29.3 ms behind
[2026-04-18 08:53:32.161] [DEBUG] Control loop: 100.0 Hz (target: 100 Hz)
[2026-04-18 08:53:35.927] [WARNING] Pendant disconnected
[2026-04-18 08:53:36.386] [WARNING] Control loop overrun: 13.1 ms behind
[2026-04-18 08:53:41.448] [WARNING] Control loop overrun: 15.9 ms behind
[2026-04-18 08:53:42.195] [DEBUG] Control loop: 100.0 Hz (target: 100 Hz)
[2026-04-18 08:53:46.428] [WARNING] Pendant disconnected
[2026-04-18 08:53:46.478] [WARNING] Control loop overrun: 5.4 ms behind
[2026-04-18 08:53:51.699] [WARNING] Control loop overrun: 22.9 ms behind
[2026-04-18 08:53:56.743] [WARNING] Pendant disconnected
[2026-04-18 08:54:02.151] [DEBUG] Control loop: 100.0 Hz (target: 100 Hz) (suppressed 1 similar messages)
[2026-04-18 08:54:03.950] [WARNING] Control loop overrun: 11.2 ms behind
[2026-04-18 08:54:07.286] [WARNING] Pendant disconnected
[2026-04-18 08:54:11.329] [WARNING] Control loop overrun: 7.9 ms behind
[2026-04-18 08:54:12.152] [DEBUG] Control loop: 100.0 Hz (target: 100 Hz)
[2026-04-18 08:54:17.658] [WARNING] Pendant disconnected
[2026-04-18 08:54:19.233] [WARNING] Control loop overrun: 5.0 ms behind
[2026-04-18 08:54:28.102] [WARNING] Pendant disconnected
[2026-04-18 08:54:30.945] [WARNING] Control loop overrun: 6.8 ms behind
[2026-04-18 08:54:32.152] [DEBUG] Control loop: 100.0 Hz (target: 100 Hz) (suppressed 1 similar messages)
[2026-04-18 08:54:37.133] [WARNING] Control loop overrun: 9.9 ms behind
[2026-04-18 08:54:38.465] [WARNING] Pendant disconnected
[2026-04-18 08:54:42.151] [DEBUG] Control loop: 100.0 Hz (target: 100 Hz)
[2026-04-18 08:54:42.646] [WARNING] Control loop overrun: 15.1 ms behind
[2026-04-18 08:54:48.897] [WARNING] Pendant disconnected
[2026-04-18 08:54:59.279] [WARNING] Pendant disconnected
[2026-04-18 08:54:59.315] [WARNING] Control loop overrun: 7.2 ms behind
[2026-04-18 08:55:02.150] [DEBUG] Control loop: 100.0 Hz (target: 100 Hz) (suppressed 1 similar messages)
[2026-04-18 08:55:09.664] [WARNING] Pendant disconnected
[2026-04-18 08:55:11.432] [WARNING] Control loop overrun: 6.2 ms behind
[2026-04-18 08:55:20.040] [WARNING] Pendant disconnected
[2026-04-18 08:55:21.846] [WARNING] Control loop overrun: 7.6 ms behind
[2026-04-18 08:55:22.151] [DEBUG] Control loop: 100.0 Hz (target: 100 Hz) (suppressed 1 similar messages)
[2026-04-18 08:55:27.968] [WARNING] Control loop overrun: 5.2 ms behind
[2026-04-18 08:55:30.470] [WARNING] Pendant disconnected
[2026-04-18 08:55:34.144] [WARNING] Control loop overrun: 14.7 ms behind
[2026-04-18 08:55:39.219] [WARNING] Control loop overrun: 5.5 ms behind
[2026-04-18 08:55:41.017] [WARNING] Pendant disconnected
[2026-04-18 08:55:42.154] [DEBUG] Control loop: 100.0 Hz (target: 100 Hz) (suppressed 1 similar messages)
[2026-04-18 08:55:44.344] [WARNING] Control loop overrun: 12.1 ms behind
[2026-04-18 08:55:49.411] [WARNING] Control loop overrun: 29.5 ms behind
[2026-04-18 08:55:50.174] [SUCCESS] Trajectory playback finished
[2026-04-18 08:55:51.384] [WARNING] Pendant disconnected
[2026-04-18 08:56:01.485] [WARNING] Pendant disconnected
[2026-04-18 08:56:02.150] [DEBUG] Control loop: 100.0 Hz (target: 100 Hz) (suppressed 1 similar messages)
[2026-04-18 08:56:11.583] [WARNING] Pendant disconnected
[2026-04-18 08:56:12.149] [DEBUG] Control loop: 100.0 Hz (target: 100 Hz)
[2026-04-18 08:56:21.687] [WARNING] Pendant disconnected
[2026-04-18 08:56:31.785] [WARNING] Pendant disconnected
[2026-04-18 08:56:32.149] [DEBUG] Control loop: 100.0 Hz (target: 100 Hz) (suppressed 1 similar messages)
[2026-04-18 08:56:41.887] [WARNING] Pendant disconnected
[2026-04-18 08:56:51.993] [WARNING] Pendant disconnected
[2026-04-18 08:56:52.149] [DEBUG] Control loop: 100.0 Hz (target: 100 Hz) (suppressed 1 similar messages)
[2026-04-18 08:57:02.095] [WARNING] Pendant disconnected
[2026-04-18 08:57:02.149] [DEBUG] Control loop: 100.0 Hz (target: 100 Hz)
[2026-04-18 08:57:12.193] [WARNING] Pendant disconnected
[2026-04-18 08:57:22.148] [DEBUG] Control loop: 100.0 Hz (target: 100 Hz) (suppressed 1 similar messages)
[2026-04-18 08:57:22.290] [WARNING] Pendant disconnected
[2026-04-18 08:57:32.392] [WARNING] Pendant disconnected
[2026-04-18 08:57:42.148] [DEBUG] Control loop: 100.0 Hz (target: 100 Hz) (suppressed 1 similar messages)
[2026-04-18 08:57:42.489] [WARNING] Pendant disconnected
[2026-04-18 08:57:52.593] [WARNING] Pendant disconnected
[2026-04-18 08:57:54.924] [WARNING] Control loop overrun: 6.7 ms behind
[2026-04-18 08:58:02.148] [DEBUG] Control loop: 100.0 Hz (target: 100 Hz) (suppressed 1 similar messages)
[2026-04-18 08:58:02.781] [WARNING] Pendant disconnected
[2026-04-18 08:58:05.348] [WARNING] Control loop overrun: 38.5 ms behind
[2026-04-18 08:58:11.768] [WARNING] Control loop overrun: 32.3 ms behind
[2026-04-18 08:58:12.992] [WARNING] Pendant disconnected
[2026-04-18 08:58:18.211] [WARNING] Control loop overrun: 19.2 ms behind
[2026-04-18 08:58:22.148] [DEBUG] Control loop: 100.0 Hz (target: 100 Hz) (suppressed 1 similar messages)
[2026-04-18 08:58:23.174] [WARNING] Pendant disconnected
[2026-04-18 08:58:33.275] [WARNING] Pendant disconnected
[2026-04-18 08:58:42.147] [DEBUG] Control loop: 100.0 Hz (target: 100 Hz) (suppressed 1 similar messages)
[2026-04-18 08:58:43.381] [WARNING] Pendant disconnected
[2026-04-18 08:58:47.603] [WARNING] Control loop overrun: 37.0 ms behind
[2026-04-18 08:58:52.148] [DEBUG] Control loop: 100.0 Hz (target: 100 Hz)
[2026-04-18 08:58:53.551] [WARNING] Pendant disconnected
[2026-04-18 08:59:02.148] [DEBUG] Control loop: 100.0 Hz (target: 100 Hz)
[2026-04-18 08:59:03.669] [WARNING] Pendant disconnected
[2026-04-18 08:59:13.769] [WARNING] Pendant disconnected
[2026-04-18 08:59:22.147] [DEBUG] Control loop: 100.0 Hz (target: 100 Hz) (suppressed 1 similar messages)
[2026-04-18 08:59:23.875] [WARNING] Pendant disconnected
[2026-04-18 08:59:33.989] [WARNING] Pendant disconnected
[2026-04-18 08:59:41.620] [WARNING] Control loop overrun: 5.0 ms behind
[2026-04-18 08:59:42.147] [DEBUG] Control loop: 100.0 Hz (target: 100 Hz) (suppressed 1 similar messages)
[2026-04-18 08:59:44.091] [WARNING] Pendant disconnected
[2026-04-18 08:59:54.191] [WARNING] Pendant disconnected
[2026-04-18 09:00:02.146] [DEBUG] Control loop: 100.0 Hz (target: 100 Hz) (suppressed 1 similar messages)
[2026-04-18 09:00:04.301] [WARNING] Pendant disconnected
[2026-04-18 09:00:14.413] [WARNING] Pendant disconnected
[2026-04-18 09:00:22.145] [DEBUG] Control loop: 100.0 Hz (target: 100 Hz) (suppressed 1 similar messages)
[2026-04-18 09:00:24.518] [WARNING] Pendant disconnected
[2026-04-18 09:00:34.619] [WARNING] Pendant disconnected
[2026-04-18 09:00:42.145] [DEBUG] Control loop: 100.0 Hz (target: 100 Hz) (suppressed 1 similar messages)
[2026-04-18 09:00:42.665] [WARNING] Control loop overrun: 12.6 ms behind
[2026-04-18 09:00:44.716] [WARNING] Pendant disconnected
[2026-04-18 09:00:49.097] [WARNING] Control loop overrun: 13.7 ms behind
[2026-04-18 09:00:52.145] [DEBUG] Control loop: 100.0 Hz (target: 100 Hz)
[2026-04-18 09:00:54.828] [WARNING] Pendant disconnected
[2026-04-18 09:01:02.145] [DEBUG] Control loop: 100.0 Hz (target: 100 Hz)
[2026-04-18 09:01:04.933] [WARNING] Pendant disconnected
[2026-04-18 09:01:13.060] [WARNING] Control loop overrun: 7.6 ms behind
[2026-04-18 09:01:15.034] [WARNING] Pendant disconnected
[2026-04-18 09:01:22.144] [DEBUG] Control loop: 100.0 Hz (target: 100 Hz) (suppressed 1 similar messages)
[2026-04-18 09:01:25.138] [WARNING] Pendant disconnected
[2026-04-18 09:01:32.917] [WARNING] Control loop overrun: 5.1 ms behind
[2026-04-18 09:01:35.248] [WARNING] Pendant disconnected
[2026-04-18 09:01:42.143] [DEBUG] Control loop: 100.0 Hz (target: 100 Hz) (suppressed 1 similar messages)
[2026-04-18 09:01:45.357] [WARNING] Pendant disconnected
[2026-04-18 09:01:52.143] [DEBUG] Control loop: 100.0 Hz (target: 100 Hz)
[2026-04-18 09:01:55.465] [WARNING] Pendant disconnected
[2026-04-18 09:02:02.143] [DEBUG] Control loop: 100.0 Hz (target: 100 Hz)
[2026-04-18 09:02:05.567] [WARNING] Pendant disconnected
[2026-04-18 09:02:15.672] [WARNING] Pendant disconnected
[2026-04-18 09:02:16.259] [WARNING] Control loop overrun: 7.2 ms behind
[2026-04-18 09:02:22.143] [DEBUG] Control loop: 100.0 Hz (target: 100 Hz) (suppressed 1 similar messages)
[2026-04-18 09:02:23.035] [WARNING] Control loop overrun: 193.1 ms behind
[2026-04-18 09:02:26.015] [WARNING] Pendant disconnected
[2026-04-18 09:02:36.127] [WARNING] Pendant disconnected
[2026-04-18 09:02:42.143] [DEBUG] Control loop: 100.0 Hz (target: 100 Hz) (suppressed 1 similar messages)
[2026-04-18 09:02:46.230] [WARNING] Pendant disconnected
[2026-04-18 09:02:56.330] [WARNING] Pendant disconnected
