# Kinmatech Robotics — session log
# Started: 2026-04-18 09:12:13.485
# Ended  : 2026-04-18 09:13:30
# Entries: 40

[2026-04-18 09:12:13.485] [SUCCESS] Hardware thread started @ 20 Hz
[2026-04-18 09:12:13.486] [INFO] Motor commander thread started
[2026-04-18 09:12:13.486] [WARNING] Hardware disconnected: Hardware connection unavailable
[2026-04-18 09:12:13.486] [WARNING] Hardware connection unavailable
[2026-04-18 09:12:13.486] [SUCCESS] Control thread started @ 100 Hz
[2026-04-18 09:12:13.584] [SUCCESS] Hardware connected: Connected to robot hardware
[2026-04-18 09:12:13.584] [SUCCESS] Hardware connection established
[2026-04-18 09:12:13.584] [WARNING] Pendant disconnected
[2026-04-18 09:12:14.051] [INFO] Initial TCP position calculated
[2026-04-18 09:12:14.051] [SUCCESS] Kinmatech Robotics application started
[2026-04-18 09:12:20.491] [SUCCESS] Robot connection established
[2026-04-18 09:12:21.403] [PROGRAM] Teach mode activated - program editing enabled
[2026-04-18 09:12:23.013] [DEBUG] Control loop: 100.1 Hz (target: 100 Hz)
[2026-04-18 09:12:27.285] [WARNING] Pendant disconnected (suppressed 4 similar messages)
[2026-04-18 09:12:33.014] [DEBUG] Control loop: 100.0 Hz (target: 100 Hz)
[2026-04-18 09:12:36.140] [PROGRAM] Program 'big_shapes_test' loaded with 154 positions
[2026-04-18 09:12:37.944] [PROGRAM] Starting path generation for 154 waypoints
[2026-04-18 09:12:56.531] [SUCCESS] Path generated: 154 waypoints → 4495 servo points
[2026-04-18 09:12:56.609] [WARNING] Control loop overrun: 9.2 ms behind
[2026-04-18 09:12:56.616] [DEBUG] Control loop: 100.0 Hz (target: 100 Hz)
[2026-04-18 09:12:56.619] [WARNING] Pendant disconnected (suppressed 1 similar messages)
[2026-04-18 09:13:00.940] [WARNING] ⚠ Wrist singularity: J5 within ±5.0° of 0° for 81 frames (1.8%), first at frame 732 (J5=-4.34°)
[2026-04-18 09:13:00.940] [WARNING] ⚠ FK/Cartesian outlier frames: mean 0.3 mm, max 34.2 mm (79 frame(s) > 5 mm, likely near singularity).
[2026-04-18 09:13:00.940] [ERROR] ✖ Frame 4092: J4 jumps 25.8° in one step (likely IK solution flip)
[2026-04-18 09:13:00.942] [ERROR] ✖ J4 near limit: 161 frames (3.6%) within 10.0° of ±180.0° (worst: 198.8° at frame 3833)
[2026-04-18 09:13:00.942] [ERROR] ✖ J6 near limit: 1517 frames (33.7%) within 10.0° of ±180.0° (worst: -358.9° at frame 2448)
[2026-04-18 09:13:00.980] [JOG] P2P to trajectory start position…
[2026-04-18 09:13:00.980] [JOG] P2P → max Δ=152.2°, v=50.0°/s, t=3.04s, 77 frames
[2026-04-18 09:13:04.068] [SUCCESS] P2P complete
[2026-04-18 09:13:04.069] [PROGRAM] Dry run: big_shapes_test_joint_angles.ksm
[2026-04-18 09:13:13.025] [DEBUG] Control loop: 100.0 Hz (target: 100 Hz) (suppressed 2 similar messages)
[2026-04-18 09:13:16.675] [WARNING] Pendant disconnected (suppressed 2 similar messages)
[2026-04-18 09:13:21.941] [WARNING] Control loop overrun: 6.0 ms behind (suppressed 4 similar messages)
[2026-04-18 09:13:25.626] [JOG] Moving to Home position (P2P)
[2026-04-18 09:13:25.627] [JOG] Unwinding wrist rotations before homing...
[2026-04-18 09:13:25.627] [JOG] P2P → max Δ=125.7°, v=50.0°/s, t=2.51s, 63 frames
[2026-04-18 09:13:26.630] [SUCCESS] P2P complete
[2026-04-18 09:13:26.631] [JOG] P2P → max Δ=82.1°, v=50.0°/s, t=1.64s, 42 frames
[2026-04-18 09:13:27.061] [WARNING] Pendant disconnected
[2026-04-18 09:13:28.322] [SUCCESS] P2P complete
