# Kinmatech Robotics — session log
# Started: 2026-04-18 09:17:57.905
# Ended  : 2026-04-18 09:34:05
# Entries: 193

[2026-04-18 09:17:57.905] [SUCCESS] Hardware thread started @ 20 Hz
[2026-04-18 09:17:57.906] [INFO] Motor commander thread started
[2026-04-18 09:17:57.907] [WARNING] Hardware disconnected: Hardware connection unavailable
[2026-04-18 09:17:57.907] [WARNING] Hardware connection unavailable
[2026-04-18 09:17:57.907] [SUCCESS] Control thread started @ 100 Hz
[2026-04-18 09:17:58.020] [SUCCESS] Hardware connected: Connected to robot hardware
[2026-04-18 09:17:58.020] [SUCCESS] Hardware connection established
[2026-04-18 09:17:58.020] [WARNING] Pendant disconnected
[2026-04-18 09:17:58.041] [INFO] Initial TCP position calculated
[2026-04-18 09:17:58.041] [SUCCESS] Kinmatech Robotics application started
[2026-04-18 09:18:01.723] [SUCCESS] Robot connection established
[2026-04-18 09:18:02.491] [PROGRAM] Teach mode activated - program editing enabled
[2026-04-18 09:18:05.281] [WARNING] Control loop overrun: 30.3 ms behind
[2026-04-18 09:18:07.865] [DEBUG] Control loop: 100.1 Hz (target: 100 Hz)
[2026-04-18 09:18:11.127] [WARNING] Pendant disconnected (suppressed 4 similar messages)
[2026-04-18 09:18:11.145] [PROGRAM] Program 'big_shapes_test' loaded with 154 positions
[2026-04-18 09:18:13.226] [WARNING] ⚠ Wrist singularity: J5 within ±5.0° of 0° for 81 frames (1.8%), first at frame 732 (J5=-4.34°)
[2026-04-18 09:18:13.226] [WARNING] ⚠ FK/Cartesian outlier frames: mean 0.3 mm, max 34.2 mm (79 frame(s) > 5 mm, likely near singularity).
[2026-04-18 09:18:13.226] [ERROR] ✖ Frame 4092: J4 jumps 25.8° in one step (likely IK solution flip)
[2026-04-18 09:18:13.227] [ERROR] ✖ J4 near limit: 161 frames (3.6%) within 10.0° of ±180.0° (worst: 198.8° at frame 3833)
[2026-04-18 09:18:13.227] [ERROR] ✖ J6 near limit: 1517 frames (33.7%) within 10.0° of ±180.0° (worst: -358.9° at frame 2448)
[2026-04-18 09:18:13.263] [JOG] P2P to trajectory start position…
[2026-04-18 09:18:13.263] [JOG] P2P → max Δ=117.3°, v=50.0°/s, t=2.35s, 59 frames
[2026-04-18 09:18:13.264] [WARNING] Control loop overrun: 5.1 ms behind
[2026-04-18 09:18:15.625] [SUCCESS] P2P complete
[2026-04-18 09:18:15.626] [PROGRAM] Dry run: big_shapes_test_joint_angles.ksm
[2026-04-18 09:18:27.407] [DEBUG] Control loop: 100.0 Hz (target: 100 Hz) (suppressed 1 similar messages)
[2026-04-18 09:18:29.274] [WARNING] Pendant disconnected (suppressed 1 similar messages)
[2026-04-18 09:18:37.414] [DEBUG] Control loop: 100.0 Hz (target: 100 Hz)
[2026-04-18 09:18:39.693] [WARNING] Pendant disconnected
[2026-04-18 09:18:47.418] [DEBUG] Control loop: 100.0 Hz (target: 100 Hz)
[2026-04-18 09:18:50.098] [WARNING] Pendant disconnected
[2026-04-18 09:19:00.499] [WARNING] Pendant disconnected
[2026-04-18 09:19:05.399] [WARNING] Control loop overrun: 18.9 ms behind
[2026-04-18 09:19:07.411] [DEBUG] Control loop: 100.0 Hz (target: 100 Hz) (suppressed 1 similar messages)
[2026-04-18 09:19:10.919] [WARNING] Pendant disconnected
[2026-04-18 09:19:21.299] [WARNING] Pendant disconnected
[2026-04-18 09:19:27.412] [DEBUG] Control loop: 100.0 Hz (target: 100 Hz) (suppressed 1 similar messages)
[2026-04-18 09:19:31.704] [WARNING] Pendant disconnected
[2026-04-18 09:19:42.133] [WARNING] Pendant disconnected
[2026-04-18 09:19:47.408] [DEBUG] Control loop: 100.0 Hz (target: 100 Hz) (suppressed 1 similar messages)
[2026-04-18 09:19:52.543] [WARNING] Pendant disconnected
[2026-04-18 09:20:03.004] [WARNING] Pendant disconnected
[2026-04-18 09:20:07.402] [DEBUG] Control loop: 100.0 Hz (target: 100 Hz) (suppressed 1 similar messages)
[2026-04-18 09:20:13.438] [WARNING] Pendant disconnected
[2026-04-18 09:20:17.414] [DEBUG] Control loop: 100.0 Hz (target: 100 Hz)
[2026-04-18 09:20:23.819] [WARNING] Pendant disconnected
[2026-04-18 09:20:27.417] [DEBUG] Control loop: 100.0 Hz (target: 100 Hz)
[2026-04-18 09:20:34.208] [WARNING] Pendant disconnected
[2026-04-18 09:20:44.661] [WARNING] Pendant disconnected
[2026-04-18 09:20:47.409] [DEBUG] Control loop: 100.0 Hz (target: 100 Hz) (suppressed 1 similar messages)
[2026-04-18 09:20:55.087] [WARNING] Pendant disconnected
[2026-04-18 09:20:57.409] [DEBUG] Control loop: 100.0 Hz (target: 100 Hz)
[2026-04-18 09:21:05.515] [WARNING] Pendant disconnected
[2026-04-18 09:21:07.414] [DEBUG] Control loop: 100.0 Hz (target: 100 Hz)
[2026-04-18 09:21:15.915] [WARNING] Pendant disconnected
[2026-04-18 09:21:19.086] [SUCCESS] Trajectory playback finished
[2026-04-18 09:21:26.341] [WARNING] Pendant disconnected
[2026-04-18 09:21:27.401] [DEBUG] Control loop: 100.0 Hz (target: 100 Hz) (suppressed 1 similar messages)
[2026-04-18 09:21:36.739] [WARNING] Pendant disconnected
[2026-04-18 09:21:37.401] [DEBUG] Control loop: 100.0 Hz (target: 100 Hz)
[2026-04-18 09:21:38.524] [WARNING] Control loop overrun: 15.3 ms behind
[2026-04-18 09:21:47.135] [WARNING] Pendant disconnected
[2026-04-18 09:21:57.401] [DEBUG] Control loop: 100.0 Hz (target: 100 Hz) (suppressed 1 similar messages)
[2026-04-18 09:21:57.559] [WARNING] Pendant disconnected
[2026-04-18 09:22:07.969] [WARNING] Pendant disconnected
[2026-04-18 09:22:17.401] [DEBUG] Control loop: 100.0 Hz (target: 100 Hz) (suppressed 1 similar messages)
[2026-04-18 09:22:18.375] [WARNING] Pendant disconnected
[2026-04-18 09:22:27.401] [DEBUG] Control loop: 100.0 Hz (target: 100 Hz)
[2026-04-18 09:22:28.793] [WARNING] Pendant disconnected
[2026-04-18 09:22:39.194] [WARNING] Pendant disconnected
[2026-04-18 09:22:47.400] [DEBUG] Control loop: 100.0 Hz (target: 100 Hz) (suppressed 1 similar messages)
[2026-04-18 09:22:49.603] [WARNING] Pendant disconnected
[2026-04-18 09:22:57.400] [DEBUG] Control loop: 100.0 Hz (target: 100 Hz)
[2026-04-18 09:23:00.026] [WARNING] Pendant disconnected
[2026-04-18 09:23:10.439] [WARNING] Pendant disconnected
[2026-04-18 09:23:17.400] [DEBUG] Control loop: 100.0 Hz (target: 100 Hz) (suppressed 1 similar messages)
[2026-04-18 09:23:20.843] [WARNING] Pendant disconnected
[2026-04-18 09:23:27.400] [DEBUG] Control loop: 100.0 Hz (target: 100 Hz)
[2026-04-18 09:23:31.223] [WARNING] Pendant disconnected
[2026-04-18 09:23:41.658] [WARNING] Pendant disconnected
[2026-04-18 09:23:47.399] [DEBUG] Control loop: 100.0 Hz (target: 100 Hz) (suppressed 1 similar messages)
[2026-04-18 09:23:52.041] [WARNING] Pendant disconnected
[2026-04-18 09:24:02.437] [WARNING] Pendant disconnected
[2026-04-18 09:24:07.399] [DEBUG] Control loop: 100.0 Hz (target: 100 Hz) (suppressed 1 similar messages)
[2026-04-18 09:24:12.865] [WARNING] Pendant disconnected
[2026-04-18 09:24:17.399] [DEBUG] Control loop: 100.0 Hz (target: 100 Hz)
[2026-04-18 09:24:23.277] [WARNING] Pendant disconnected
[2026-04-18 09:24:27.398] [DEBUG] Control loop: 100.0 Hz (target: 100 Hz)
[2026-04-18 09:24:33.648] [WARNING] Pendant disconnected
[2026-04-18 09:24:37.398] [DEBUG] Control loop: 100.0 Hz (target: 100 Hz)
[2026-04-18 09:24:44.057] [WARNING] Pendant disconnected
[2026-04-18 09:24:54.457] [WARNING] Pendant disconnected
[2026-04-18 09:24:57.398] [DEBUG] Control loop: 100.0 Hz (target: 100 Hz) (suppressed 1 similar messages)
[2026-04-18 09:25:04.635] [WARNING] ⚠ Wrist singularity: J5 within ±5.0° of 0° for 81 frames (1.8%), first at frame 732 (J5=-4.34°)
[2026-04-18 09:25:04.635] [WARNING] ⚠ FK/Cartesian outlier frames: mean 0.3 mm, max 34.2 mm (79 frame(s) > 5 mm, likely near singularity).
[2026-04-18 09:25:04.636] [ERROR] ✖ Frame 4092: J4 jumps 25.8° in one step (likely IK solution flip)
[2026-04-18 09:25:04.636] [ERROR] ✖ J4 near limit: 161 frames (3.6%) within 10.0° of ±180.0° (worst: 198.8° at frame 3833)
[2026-04-18 09:25:04.636] [ERROR] ✖ J6 near limit: 1517 frames (33.7%) within 10.0° of ±180.0° (worst: -358.9° at frame 2448)
[2026-04-18 09:25:04.675] [JOG] P2P to trajectory start position…
[2026-04-18 09:25:04.675] [JOG] P2P → max Δ=152.2°, v=50.0°/s, t=3.04s, 77 frames
[2026-04-18 09:25:04.676] [WARNING] Control loop overrun: 38.8 ms behind
[2026-04-18 09:25:04.859] [WARNING] Pendant disconnected
[2026-04-18 09:25:07.397] [DEBUG] Control loop: 100.0 Hz (target: 100 Hz)
[2026-04-18 09:25:07.759] [SUCCESS] P2P complete
[2026-04-18 09:25:07.761] [PROGRAM] Dry run: big_shapes_test_joint_angles.ksm
[2026-04-18 09:25:15.251] [WARNING] Pendant disconnected
[2026-04-18 09:25:17.404] [DEBUG] Control loop: 100.0 Hz (target: 100 Hz)
[2026-04-18 09:25:25.645] [WARNING] Pendant disconnected
[2026-04-18 09:25:36.025] [WARNING] Pendant disconnected
[2026-04-18 09:25:37.406] [DEBUG] Control loop: 100.0 Hz (target: 100 Hz) (suppressed 1 similar messages)
[2026-04-18 09:25:46.448] [WARNING] Pendant disconnected
[2026-04-18 09:25:47.406] [DEBUG] Control loop: 100.0 Hz (target: 100 Hz)
[2026-04-18 09:25:56.860] [WARNING] Pendant disconnected
[2026-04-18 09:25:57.413] [DEBUG] Control loop: 100.0 Hz (target: 100 Hz)
[2026-04-18 09:26:07.285] [WARNING] Pendant disconnected
[2026-04-18 09:26:17.394] [DEBUG] Control loop: 100.0 Hz (target: 100 Hz) (suppressed 1 similar messages)
[2026-04-18 09:26:17.752] [WARNING] Pendant disconnected
[2026-04-18 09:26:27.409] [DEBUG] Control loop: 100.0 Hz (target: 100 Hz)
[2026-04-18 09:26:28.143] [WARNING] Pendant disconnected
[2026-04-18 09:26:38.551] [WARNING] Pendant disconnected
[2026-04-18 09:26:47.408] [DEBUG] Control loop: 100.0 Hz (target: 100 Hz) (suppressed 1 similar messages)
[2026-04-18 09:26:48.960] [WARNING] Pendant disconnected
[2026-04-18 09:26:57.409] [DEBUG] Control loop: 100.0 Hz (target: 100 Hz)
[2026-04-18 09:26:59.385] [WARNING] Pendant disconnected
[2026-04-18 09:27:09.834] [WARNING] Pendant disconnected
[2026-04-18 09:27:17.401] [DEBUG] Control loop: 100.0 Hz (target: 100 Hz) (suppressed 1 similar messages)
[2026-04-18 09:27:20.259] [WARNING] Pendant disconnected
[2026-04-18 09:27:27.430] [DEBUG] Control loop: 100.0 Hz (target: 100 Hz)
[2026-04-18 09:27:30.660] [WARNING] Pendant disconnected
[2026-04-18 09:27:41.061] [WARNING] Pendant disconnected
[2026-04-18 09:27:47.402] [DEBUG] Control loop: 100.0 Hz (target: 100 Hz) (suppressed 1 similar messages)
[2026-04-18 09:27:51.490] [WARNING] Pendant disconnected
[2026-04-18 09:28:01.911] [WARNING] Pendant disconnected
[2026-04-18 09:28:07.397] [DEBUG] Control loop: 100.0 Hz (target: 100 Hz) (suppressed 1 similar messages)
[2026-04-18 09:28:11.250] [SUCCESS] Trajectory playback finished
[2026-04-18 09:28:12.325] [WARNING] Pendant disconnected
[2026-04-18 09:28:22.734] [WARNING] Pendant disconnected
[2026-04-18 09:28:27.394] [DEBUG] Control loop: 100.0 Hz (target: 100 Hz) (suppressed 1 similar messages)
[2026-04-18 09:28:33.146] [WARNING] Pendant disconnected
[2026-04-18 09:28:43.558] [WARNING] Pendant disconnected
[2026-04-18 09:28:47.394] [DEBUG] Control loop: 100.0 Hz (target: 100 Hz) (suppressed 1 similar messages)
[2026-04-18 09:28:49.124] [WARNING] Control loop overrun: 34.1 ms behind
[2026-04-18 09:28:53.972] [WARNING] Pendant disconnected
[2026-04-18 09:29:04.367] [WARNING] Pendant disconnected
[2026-04-18 09:29:07.393] [DEBUG] Control loop: 100.0 Hz (target: 100 Hz) (suppressed 1 similar messages)
[2026-04-18 09:29:14.777] [WARNING] Pendant disconnected
[2026-04-18 09:29:17.393] [DEBUG] Control loop: 100.0 Hz (target: 100 Hz)
[2026-04-18 09:29:25.187] [WARNING] Pendant disconnected
[2026-04-18 09:29:27.393] [DEBUG] Control loop: 100.0 Hz (target: 100 Hz)
[2026-04-18 09:29:35.584] [WARNING] Pendant disconnected
[2026-04-18 09:29:45.987] [WARNING] Pendant disconnected
[2026-04-18 09:29:47.391] [DEBUG] Control loop: 100.0 Hz (target: 100 Hz) (suppressed 1 similar messages)
[2026-04-18 09:29:56.396] [WARNING] Pendant disconnected
[2026-04-18 09:29:57.392] [DEBUG] Control loop: 100.0 Hz (target: 100 Hz)
[2026-04-18 09:30:06.783] [WARNING] Pendant disconnected
[2026-04-18 09:30:07.392] [DEBUG] Control loop: 100.0 Hz (target: 100 Hz)
[2026-04-18 09:30:17.154] [WARNING] Pendant disconnected
[2026-04-18 09:30:17.392] [DEBUG] Control loop: 100.0 Hz (target: 100 Hz)
[2026-04-18 09:30:27.552] [WARNING] Pendant disconnected
[2026-04-18 09:30:37.392] [DEBUG] Control loop: 100.0 Hz (target: 100 Hz) (suppressed 1 similar messages)
[2026-04-18 09:30:37.980] [WARNING] Pendant disconnected
[2026-04-18 09:30:48.366] [WARNING] Pendant disconnected
[2026-04-18 09:30:57.392] [DEBUG] Control loop: 100.0 Hz (target: 100 Hz) (suppressed 1 similar messages)
[2026-04-18 09:30:58.932] [WARNING] Pendant disconnected
[2026-04-18 09:31:09.560] [WARNING] Pendant disconnected
[2026-04-18 09:31:17.392] [DEBUG] Control loop: 100.0 Hz (target: 100 Hz) (suppressed 1 similar messages)
[2026-04-18 09:31:20.259] [WARNING] Pendant disconnected
[2026-04-18 09:31:30.980] [WARNING] Pendant disconnected
[2026-04-18 09:31:37.392] [DEBUG] Control loop: 100.0 Hz (target: 100 Hz) (suppressed 1 similar messages)
[2026-04-18 09:31:41.642] [WARNING] Pendant disconnected
[2026-04-18 09:31:47.393] [DEBUG] Control loop: 100.0 Hz (target: 100 Hz)
[2026-04-18 09:31:52.301] [WARNING] Pendant disconnected
[2026-04-18 09:32:03.036] [WARNING] Pendant disconnected
[2026-04-18 09:32:07.392] [DEBUG] Control loop: 100.0 Hz (target: 100 Hz) (suppressed 1 similar messages)
[2026-04-18 09:32:13.698] [WARNING] Pendant disconnected
[2026-04-18 09:32:24.355] [WARNING] Pendant disconnected
[2026-04-18 09:32:27.388] [DEBUG] Control loop: 100.0 Hz (target: 100 Hz) (suppressed 1 similar messages)
[2026-04-18 09:32:35.072] [WARNING] Pendant disconnected
[2026-04-18 09:32:37.391] [DEBUG] Control loop: 100.0 Hz (target: 100 Hz)
[2026-04-18 09:32:45.676] [WARNING] Pendant disconnected
[2026-04-18 09:32:56.405] [WARNING] Pendant disconnected
[2026-04-18 09:32:57.390] [DEBUG] Control loop: 100.0 Hz (target: 100 Hz) (suppressed 1 similar messages)
[2026-04-18 09:33:07.036] [WARNING] Pendant disconnected
[2026-04-18 09:33:17.389] [DEBUG] Control loop: 100.0 Hz (target: 100 Hz) (suppressed 1 similar messages)
[2026-04-18 09:33:17.752] [WARNING] Pendant disconnected
[2026-04-18 09:33:27.391] [DEBUG] Control loop: 100.0 Hz (target: 100 Hz)
[2026-04-18 09:33:28.484] [WARNING] Pendant disconnected
[2026-04-18 09:33:39.183] [WARNING] Pendant disconnected
[2026-04-18 09:33:47.389] [DEBUG] Control loop: 100.0 Hz (target: 100 Hz) (suppressed 1 similar messages)
[2026-04-18 09:33:49.749] [WARNING] Pendant disconnected
[2026-04-18 09:33:57.406] [DEBUG] Control loop: 100.0 Hz (target: 100 Hz)
[2026-04-18 09:34:00.148] [WARNING] Pendant disconnected
