# Kinmatech Robotics — session log
# Started: 2026-04-18 09:35:42.245
# Ended  : 2026-04-18 09:36:48
# Entries: 39

[2026-04-18 09:35:42.245] [SUCCESS] Hardware thread started @ 20 Hz
[2026-04-18 09:35:42.247] [INFO] Motor commander thread started
[2026-04-18 09:35:42.247] [WARNING] Hardware disconnected: Hardware connection unavailable
[2026-04-18 09:35:42.248] [WARNING] Hardware connection unavailable
[2026-04-18 09:35:42.248] [SUCCESS] Control thread started @ 100 Hz
[2026-04-18 09:35:42.340] [SUCCESS] Hardware connected: Connected to robot hardware
[2026-04-18 09:35:42.340] [SUCCESS] Hardware connection established
[2026-04-18 09:35:42.340] [WARNING] Pendant disconnected
[2026-04-18 09:35:42.760] [INFO] Initial TCP position calculated
[2026-04-18 09:35:42.760] [SUCCESS] Kinmatech Robotics application started
[2026-04-18 09:35:48.105] [SUCCESS] Robot connection established
[2026-04-18 09:35:48.855] [PROGRAM] Teach mode activated - program editing enabled
[2026-04-18 09:35:51.766] [DEBUG] Control loop: 100.1 Hz (target: 100 Hz)
[2026-04-18 09:35:55.396] [WARNING] Pendant disconnected (suppressed 4 similar messages)
[2026-04-18 09:35:59.804] [JOG] Moving to Home position (P2P)
[2026-04-18 09:35:59.805] [JOG] Unwinding wrist rotations before homing...
[2026-04-18 09:35:59.807] [JOG] P2P → max Δ=110.9°, v=50.0°/s, t=2.22s, 56 frames
[2026-04-18 09:36:00.810] [SUCCESS] P2P complete
[2026-04-18 09:36:00.811] [JOG] P2P → max Δ=110.9°, v=50.0°/s, t=2.22s, 56 frames
[2026-04-18 09:36:01.766] [DEBUG] Control loop: 100.0 Hz (target: 100 Hz)
[2026-04-18 09:36:03.068] [SUCCESS] P2P complete
[2026-04-18 09:36:13.574] [WARNING] Pendant disconnected (suppressed 1 similar messages)
[2026-04-18 09:36:21.765] [DEBUG] Control loop: 100.0 Hz (target: 100 Hz) (suppressed 1 similar messages)
[2026-04-18 09:36:23.984] [WARNING] Pendant disconnected
[2026-04-18 09:36:34.407] [WARNING] Pendant disconnected
[2026-04-18 09:36:38.460] [JOG] Moving to Record 1 (P2P)
[2026-04-18 09:36:38.460] [JOG] Unwinding wrist rotations before moving to record...
[2026-04-18 09:36:38.461] [JOG] P2P → max Δ=110.9°, v=50.0°/s, t=2.22s, 56 frames
[2026-04-18 09:36:39.467] [SUCCESS] P2P complete
[2026-04-18 09:36:39.468] [JOG] P2P → max Δ=104.1°, v=50.0°/s, t=2.08s, 53 frames
[2026-04-18 09:36:41.617] [SUCCESS] P2P complete
[2026-04-18 09:36:41.754] [DEBUG] Control loop: 100.0 Hz (target: 100 Hz) (suppressed 1 similar messages)
[2026-04-18 09:36:43.338] [JOG] Moving to Home position (P2P)
[2026-04-18 09:36:43.338] [JOG] Unwinding wrist rotations before homing...
[2026-04-18 09:36:43.339] [JOG] P2P → max Δ=104.1°, v=50.0°/s, t=2.08s, 53 frames
[2026-04-18 09:36:44.346] [SUCCESS] P2P complete
[2026-04-18 09:36:44.347] [JOG] P2P → max Δ=110.9°, v=50.0°/s, t=2.22s, 56 frames
[2026-04-18 09:36:44.802] [WARNING] Pendant disconnected
[2026-04-18 09:36:46.590] [SUCCESS] P2P complete
